#
# There is insufficient memory for the Java Runtime Environment to continue.
# Native memory allocation (malloc) failed to allocate 93776 bytes for Chunk::new
# Possible reasons:
#   The system is out of physical RAM or swap space
#   The process is running with CompressedOops enabled, and the Java Heap may be blocking the growth of the native heap
# Possible solutions:
#   Reduce memory load on the system
#   Increase physical memory or swap space
#   Check if swap backing store is full
#   Decrease Java heap size (-Xmx/-Xms)
#   Decrease number of Java threads
#   Decrease Java thread stack sizes (-Xss)
#   Set larger code cache with -XX:ReservedCodeCacheSize=
#   JVM is running with Unscaled Compressed Oops mode in which the Java heap is
#     placed in the first 4GB address space. The Java Heap base address is the
#     maximum limit for the native heap growth. Please use -XX:HeapBaseMinAddress
#     to set the Java Heap base and to place the Java Heap above 4GB virtual address.
# This output file may be truncated or incomplete.
#
#  Out of Memory Error (./src/hotspot/share/memory/arena.cpp:197), pid=11860, tid=10572
#
# JRE version: OpenJDK Runtime Environment (11.0.11+9) (build 11.0.11+9-b60-7590822)
# Java VM: OpenJDK 64-Bit Server VM (11.0.11+9-b60-7590822, mixed mode, tiered, compressed oops, g1 gc, windows-amd64)
# No core dump will be written. Minidumps are not enabled by default on client versions of Windows
#

---------------  S U M M A R Y ------------

Command Line: --add-opens=java.base/java.util=ALL-UNNAMED --add-opens=java.base/java.lang=ALL-UNNAMED --add-opens=java.base/java.lang.invoke=ALL-UNNAMED --add-opens=java.prefs/java.util.prefs=ALL-UNNAMED -Xmx1536M -Dfile.encoding=windows-1252 -Duser.country=DE -Duser.language=de -Duser.variant org.gradle.launcher.daemon.bootstrap.GradleDaemon 6.7

Host: Intel(R) Core(TM) i5-6200U CPU @ 2.30GHz, 4 cores, 7G,  Windows 10 , 64 bit Build 19041 (10.0.19041.1566)
Time: Sat Mar 12 20:44:52 2022 Mitteleuropäische Zeit elapsed time: 49.599077 seconds (0d 0h 0m 49s)

---------------  T H R E A D  ---------------

Current thread (0x0000011048871800):  JavaThread "C2 CompilerThread0" daemon [_thread_in_native, id=10572, stack(0x000000084dc00000,0x000000084dd00000)]


Current CompileTask:
C2:  49599 9399       4       org.gradle.internal.logging.text.AbstractLineChoppingStyledTextOutput::doAppend (43 bytes)

Stack: [0x000000084dc00000,0x000000084dd00000]
Native frames: (J=compiled Java code, j=interpreted, Vv=VM code, C=native code)
V  [jvm.dll+0x5f214a]
V  [jvm.dll+0x726fb5]
V  [jvm.dll+0x7285cd]
V  [jvm.dll+0x728c83]
V  [jvm.dll+0x243278]
V  [jvm.dll+0xbc53c]
V  [jvm.dll+0xbca3c]
V  [jvm.dll+0x353e7d]
V  [jvm.dll+0x1983c0]
V  [jvm.dll+0x1fc2ee]
V  [jvm.dll+0x1fb3d4]
V  [jvm.dll+0x183d6c]
V  [jvm.dll+0x209a57]
V  [jvm.dll+0x2082a1]
V  [jvm.dll+0x6ef58f]
V  [jvm.dll+0x6e80b5]
V  [jvm.dll+0x5f1036]
C  [ucrtbase.dll+0x21bb2]
C  [KERNEL32.DLL+0x17034]
C  [ntdll.dll+0x52651]


---------------  P R O C E S S  ---------------

Threads class SMR info:
_java_thread_list=0x000001105104e5f0, length=159, elements={
0x000001102e03e000, 0x0000011048848000, 0x0000011048849800, 0x0000011048868800,
0x000001104886a000, 0x000001104886b800, 0x0000011048871800, 0x0000011048878000,
0x0000011048889800, 0x0000011049353000, 0x000001104b1b8000, 0x0000011049f86000,
0x000001104a80c000, 0x000001104ad3e000, 0x000001104a162800, 0x000001104b86e800,
0x000001104b86f000, 0x000001104b24b800, 0x000001104b250800, 0x000001104acb3800,
0x000001104acb0800, 0x000001104acb4800, 0x000001104acb5800, 0x000001104acb7000,
0x000001104acb6000, 0x000001104acb1000, 0x000001104acb2000, 0x000001104acb3000,
0x000001104dcf6000, 0x000001104dcf4000, 0x000001104dcf6800, 0x000001104dcf8800,
0x000001104dcf2800, 0x000001104dcf9000, 0x000001104b543000, 0x000001104b546800,
0x000001104b544000, 0x000001104b544800, 0x000001104b545800, 0x000001104b547000,
0x000001104b548000, 0x000001104b542800, 0x000001104b54b800, 0x000001104b549000,
0x000001104b54a800, 0x000001104b54c000, 0x000001104b54f800, 0x000001104b54d000,
0x000001104b549800, 0x000001104b54d800, 0x000001104b54e800, 0x000001104b550000,
0x000001104b551000, 0x000001104d1d8000, 0x000001104d1db800, 0x000001104d1dc000,
0x000001104d1d9000, 0x000001104d1dd000, 0x000001104d1d9800, 0x000001104d1d7000,
0x000001104d1dd800, 0x000001104d1da800, 0x000001104d1e3800, 0x000001104d1de800,
0x000001104d1e4800, 0x000001104d1e0000, 0x000001104d1e5000, 0x000001104d1df800,
0x000001104d1e2800, 0x000001104d1e6000, 0x000001104d1e1000, 0x000001104d1e2000,
0x000001104e9d9800, 0x000001104e9dc000, 0x000001104e9dd000, 0x000001104e9db800,
0x000001104e9d8000, 0x000001104e9de000, 0x000001104e9de800, 0x000001104e9da800,
0x000001104e9d9000, 0x000001104e9e2800, 0x000001104e9e5000, 0x000001104e9df800,
0x000001104e9e3800, 0x000001104e9e6000, 0x000001104e9e0800, 0x000001104e9e4800,
0x000001104e9e7000, 0x000001104e9e1000, 0x000001104e9e2000, 0x00000110498c4800,
0x00000110498c3800, 0x00000110498c6000, 0x00000110498c8800, 0x00000110498c7800,
0x00000110498c2800, 0x00000110498c9800, 0x00000110498ca000, 0x00000110498c7000,
0x00000110498cb000, 0x00000110498c5000, 0x00000110498d1800, 0x00000110498d0000,
0x00000110498cd800, 0x00000110498cb800, 0x00000110498cc800, 0x00000110498ce000,
0x00000110498cf000, 0x00000110498d0800, 0x00000110496ff000, 0x00000110496fc800,
0x00000110496fd800, 0x0000011049704000, 0x0000011049703000, 0x00000110496fe000,
0x0000011049704800, 0x0000011049701800, 0x0000011049702000, 0x00000110496ff800,
0x0000011049705800, 0x0000011049706000, 0x0000011049700800, 0x0000011049708000,
0x0000011049707000, 0x0000011049708800, 0x0000011049709800, 0x000001104970a800,
0x000001104970b000, 0x000001104d70c800, 0x000001104d70e800, 0x000001104d70d800,
0x000001104d70a800, 0x000001104d70f000, 0x000001104d710000, 0x000001104d711000,
0x000001104d70b000, 0x000001104d711800, 0x000001104d70c000, 0x000001104d712800,
0x000001104d713000, 0x000001104d714000, 0x000001104d718000, 0x000001104d715000,
0x000001104d715800, 0x000001104d716800, 0x000001104d717800, 0x000001104d719000,
0x000001104de73800, 0x000001104de70800, 0x000001104de72000, 0x000001104de74800,
0x000001104de71000, 0x000001104de6e800, 0x000001104de75000, 0x000001104de6f800,
0x000001104de77000, 0x000001104de76000, 0x000001104de7c800
}

Java Threads: ( => current thread )
  0x000001102e03e000 JavaThread "main" [_thread_blocked, id=10908, stack(0x000000084d000000,0x000000084d100000)]
  0x0000011048848000 JavaThread "Reference Handler" daemon [_thread_blocked, id=4628, stack(0x000000084d700000,0x000000084d800000)]
  0x0000011048849800 JavaThread "Finalizer" daemon [_thread_blocked, id=8848, stack(0x000000084d800000,0x000000084d900000)]
  0x0000011048868800 JavaThread "Signal Dispatcher" daemon [_thread_blocked, id=8568, stack(0x000000084d900000,0x000000084da00000)]
  0x000001104886a000 JavaThread "Attach Listener" daemon [_thread_blocked, id=9972, stack(0x000000084da00000,0x000000084db00000)]
  0x000001104886b800 JavaThread "Service Thread" daemon [_thread_blocked, id=9856, stack(0x000000084db00000,0x000000084dc00000)]
=>0x0000011048871800 JavaThread "C2 CompilerThread0" daemon [_thread_in_native, id=10572, stack(0x000000084dc00000,0x000000084dd00000)]
  0x0000011048878000 JavaThread "C1 CompilerThread0" daemon [_thread_blocked, id=11904, stack(0x000000084dd00000,0x000000084de00000)]
  0x0000011048889800 JavaThread "Sweeper thread" daemon [_thread_blocked, id=12444, stack(0x000000084de00000,0x000000084df00000)]
  0x0000011049353000 JavaThread "Common-Cleaner" daemon [_thread_blocked, id=2000, stack(0x000000084df00000,0x000000084e000000)]
  0x000001104b1b8000 JavaThread "Daemon health stats" [_thread_blocked, id=9040, stack(0x000000084e400000,0x000000084e500000)]
  0x0000011049f86000 JavaThread "Incoming local TCP Connector on port 55599" [_thread_in_native, id=9836, stack(0x000000084e600000,0x000000084e700000)]
  0x000001104a80c000 JavaThread "Daemon periodic checks" [_thread_blocked, id=11224, stack(0x000000084e700000,0x000000084e800000)]
  0x000001104ad3e000 JavaThread "Daemon" [_thread_blocked, id=12316, stack(0x000000084e800000,0x000000084e900000)]
  0x000001104a162800 JavaThread "Handler for socket connection from /127.0.0.1:55599 to /127.0.0.1:55600" [_thread_in_native, id=12996, stack(0x000000084e900000,0x000000084ea00000)]
  0x000001104b86e800 JavaThread "Cancel handler" [_thread_blocked, id=6200, stack(0x000000084ea00000,0x000000084eb00000)]
  0x000001104b86f000 JavaThread "Daemon worker" [_thread_blocked, id=4984, stack(0x000000084eb00000,0x000000084ec00000)]
  0x000001104b24b800 JavaThread "Asynchronous log dispatcher for DefaultDaemonConnection: socket connection from /127.0.0.1:55599 to /127.0.0.1:55600" [_thread_blocked, id=6924, stack(0x000000084ec00000,0x000000084ed00000)]
  0x000001104b250800 JavaThread "Stdin handler" [_thread_blocked, id=8452, stack(0x000000084ed00000,0x000000084ee00000)]
  0x000001104acb3800 JavaThread "Thread-8" [_thread_in_Java, id=2440, stack(0x000000084ee00000,0x000000084ef00000)]
  0x000001104acb0800 JavaThread "Cache worker for file hash cache (C:\Users\Oliver\.gradle\caches\6.7\fileHashes)" [_thread_blocked, id=9888, stack(0x000000084f000000,0x000000084f100000)]
  0x000001104acb4800 JavaThread "File lock request listener" [_thread_in_native, id=5400, stack(0x000000084f100000,0x000000084f200000)]
  0x000001104acb5800 JavaThread "Cache worker for journal cache (C:\Users\Oliver\.gradle\caches\journal-1)" [_thread_blocked, id=1008, stack(0x000000084f200000,0x000000084f300000)]
  0x000001104acb7000 JavaThread "Cache worker for file hash cache (C:\Users\Oliver\Desktop\Projekte\foodtracker\android\.gradle\6.7\fileHashes)" [_thread_blocked, id=12392, stack(0x000000084f400000,0x000000084f500000)]
  0x000001104acb6000 JavaThread "Cache worker for checksums cache (C:\Users\Oliver\Desktop\Projekte\foodtracker\android\.gradle\checksums)" [_thread_blocked, id=3184, stack(0x000000084f500000,0x000000084f600000)]
  0x000001104acb1000 JavaThread "Cache worker for cache directory md-supplier (C:\Users\Oliver\.gradle\caches\6.7\md-supplier)" [_thread_blocked, id=8352, stack(0x000000084f300000,0x000000084f400000)]
  0x000001104acb2000 JavaThread "Cache worker for cache directory md-rule (C:\Users\Oliver\.gradle\caches\6.7\md-rule)" [_thread_blocked, id=3308, stack(0x000000084f600000,0x000000084f700000)]
  0x000001104acb3000 JavaThread "Cache worker for execution history cache (C:\Users\Oliver\.gradle\caches\6.7\executionHistory)" [_thread_blocked, id=9444, stack(0x000000084f700000,0x000000084f800000)]
  0x000001104dcf6000 JavaThread "jar transforms" [_thread_blocked, id=7980, stack(0x000000084f900000,0x000000084fa00000)]
  0x000001104dcf4000 JavaThread "Cache worker for file content cache (C:\Users\Oliver\.gradle\caches\6.7\fileContent)" [_thread_blocked, id=7636, stack(0x000000084fa00000,0x000000084fb00000)]
  0x000001104dcf6800 JavaThread "Cache worker for Build Output Cleanup Cache (C:\Users\Oliver\Desktop\Projekte\foodtracker\android\.gradle\buildOutputCleanup)" [_thread_blocked, id=260, stack(0x000000084fb00000,0x000000084fc00000)]
  0x000001104dcf8800 JavaThread "Build operations" [_thread_blocked, id=388, stack(0x000000084fc00000,0x000000084fd00000)]
  0x000001104dcf2800 JavaThread "Build operations Thread 2" [_thread_blocked, id=7436, stack(0x000000084fd00000,0x000000084fe00000)]
  0x000001104dcf9000 JavaThread "Build operations Thread 3" [_thread_blocked, id=6944, stack(0x000000084fe00000,0x000000084ff00000)]
  0x000001104b543000 JavaThread "Build operations Thread 4" [_thread_blocked, id=13216, stack(0x000000084ff00000,0x0000000850000000)]
  0x000001104b546800 JavaThread "jar transforms Thread 2" [_thread_blocked, id=2896, stack(0x0000000850000000,0x0000000850100000)]
  0x000001104b544000 JavaThread "jar transforms Thread 3" [_thread_blocked, id=5616, stack(0x0000000850100000,0x0000000850200000)]
  0x000001104b544800 JavaThread "jar transforms Thread 4" [_thread_blocked, id=10608, stack(0x0000000850200000,0x0000000850300000)]
  0x000001104b545800 JavaThread "jar transforms Thread 5" [_thread_blocked, id=9804, stack(0x0000000850300000,0x0000000850400000)]
  0x000001104b547000 JavaThread "jar transforms Thread 6" [_thread_blocked, id=6936, stack(0x0000000850400000,0x0000000850500000)]
  0x000001104b548000 JavaThread "jar transforms Thread 7" [_thread_blocked, id=2356, stack(0x0000000850500000,0x0000000850600000)]
  0x000001104b542800 JavaThread "jar transforms Thread 8" [_thread_blocked, id=6560, stack(0x0000000850600000,0x0000000850700000)]
  0x000001104b54b800 JavaThread "jar transforms Thread 9" [_thread_blocked, id=10056, stack(0x0000000850700000,0x0000000850800000)]
  0x000001104b549000 JavaThread "jar transforms Thread 10" [_thread_blocked, id=11896, stack(0x0000000850800000,0x0000000850900000)]
  0x000001104b54a800 JavaThread "jar transforms Thread 11" [_thread_blocked, id=2084, stack(0x0000000850900000,0x0000000850a00000)]
  0x000001104b54c000 JavaThread "jar transforms Thread 12" [_thread_blocked, id=9808, stack(0x0000000850a00000,0x0000000850b00000)]
  0x000001104b54f800 JavaThread "jar transforms Thread 13" [_thread_blocked, id=11664, stack(0x0000000850b00000,0x0000000850c00000)]
  0x000001104b54d000 JavaThread "jar transforms Thread 14" [_thread_blocked, id=9052, stack(0x0000000850c00000,0x0000000850d00000)]
  0x000001104b549800 JavaThread "jar transforms Thread 15" [_thread_blocked, id=8284, stack(0x0000000850d00000,0x0000000850e00000)]
  0x000001104b54d800 JavaThread "jar transforms Thread 16" [_thread_blocked, id=12412, stack(0x0000000850e00000,0x0000000850f00000)]
  0x000001104b54e800 JavaThread "jar transforms Thread 17" [_thread_blocked, id=9616, stack(0x0000000850f00000,0x0000000851000000)]
  0x000001104b550000 JavaThread "jar transforms Thread 18" [_thread_blocked, id=8292, stack(0x0000000851000000,0x0000000851100000)]
  0x000001104b551000 JavaThread "jar transforms Thread 19" [_thread_blocked, id=11644, stack(0x0000000851100000,0x0000000851200000)]
  0x000001104d1d8000 JavaThread "jar transforms Thread 20" [_thread_blocked, id=11504, stack(0x0000000851200000,0x0000000851300000)]
  0x000001104d1db800 JavaThread "jar transforms Thread 21" [_thread_blocked, id=1032, stack(0x0000000851300000,0x0000000851400000)]
  0x000001104d1dc000 JavaThread "jar transforms Thread 22" [_thread_blocked, id=3984, stack(0x0000000851400000,0x0000000851500000)]
  0x000001104d1d9000 JavaThread "jar transforms Thread 23" [_thread_blocked, id=3300, stack(0x0000000851500000,0x0000000851600000)]
  0x000001104d1dd000 JavaThread "jar transforms Thread 24" [_thread_blocked, id=12884, stack(0x0000000851600000,0x0000000851700000)]
  0x000001104d1d9800 JavaThread "jar transforms Thread 25" [_thread_blocked, id=6064, stack(0x0000000851700000,0x0000000851800000)]
  0x000001104d1d7000 JavaThread "jar transforms Thread 26" [_thread_blocked, id=8084, stack(0x0000000851800000,0x0000000851900000)]
  0x000001104d1dd800 JavaThread "jar transforms Thread 27" [_thread_blocked, id=8012, stack(0x0000000851900000,0x0000000851a00000)]
  0x000001104d1da800 JavaThread "jar transforms Thread 28" [_thread_blocked, id=3236, stack(0x0000000851a00000,0x0000000851b00000)]
  0x000001104d1e3800 JavaThread "jar transforms Thread 29" [_thread_blocked, id=11916, stack(0x0000000851b00000,0x0000000851c00000)]
  0x000001104d1de800 JavaThread "jar transforms Thread 30" [_thread_blocked, id=6832, stack(0x0000000851c00000,0x0000000851d00000)]
  0x000001104d1e4800 JavaThread "jar transforms Thread 31" [_thread_blocked, id=1684, stack(0x0000000851d00000,0x0000000851e00000)]
  0x000001104d1e0000 JavaThread "jar transforms Thread 32" [_thread_blocked, id=7360, stack(0x0000000851e00000,0x0000000851f00000)]
  0x000001104d1e5000 JavaThread "jar transforms Thread 33" [_thread_blocked, id=12908, stack(0x0000000851f00000,0x0000000852000000)]
  0x000001104d1df800 JavaThread "jar transforms Thread 34" [_thread_blocked, id=6032, stack(0x0000000852000000,0x0000000852100000)]
  0x000001104d1e2800 JavaThread "jar transforms Thread 35" [_thread_blocked, id=1896, stack(0x0000000852100000,0x0000000852200000)]
  0x000001104d1e6000 JavaThread "jar transforms Thread 36" [_thread_blocked, id=6660, stack(0x0000000852200000,0x0000000852300000)]
  0x000001104d1e1000 JavaThread "jar transforms Thread 37" [_thread_blocked, id=8888, stack(0x0000000852300000,0x0000000852400000)]
  0x000001104d1e2000 JavaThread "jar transforms Thread 38" [_thread_blocked, id=7600, stack(0x0000000852400000,0x0000000852500000)]
  0x000001104e9d9800 JavaThread "jar transforms Thread 39" [_thread_blocked, id=6512, stack(0x0000000852500000,0x0000000852600000)]
  0x000001104e9dc000 JavaThread "jar transforms Thread 40" [_thread_blocked, id=1252, stack(0x0000000852600000,0x0000000852700000)]
  0x000001104e9dd000 JavaThread "jar transforms Thread 41" [_thread_blocked, id=11992, stack(0x0000000852700000,0x0000000852800000)]
  0x000001104e9db800 JavaThread "jar transforms Thread 42" [_thread_blocked, id=12460, stack(0x0000000852800000,0x0000000852900000)]
  0x000001104e9d8000 JavaThread "jar transforms Thread 43" [_thread_blocked, id=9700, stack(0x0000000852900000,0x0000000852a00000)]
  0x000001104e9de000 JavaThread "jar transforms Thread 44" [_thread_blocked, id=11536, stack(0x0000000852a00000,0x0000000852b00000)]
  0x000001104e9de800 JavaThread "jar transforms Thread 45" [_thread_blocked, id=2524, stack(0x0000000852b00000,0x0000000852c00000)]
  0x000001104e9da800 JavaThread "jar transforms Thread 46" [_thread_blocked, id=12096, stack(0x0000000852c00000,0x0000000852d00000)]
  0x000001104e9d9000 JavaThread "jar transforms Thread 47" [_thread_blocked, id=10308, stack(0x0000000852d00000,0x0000000852e00000)]
  0x000001104e9e2800 JavaThread "jar transforms Thread 48" [_thread_blocked, id=5212, stack(0x0000000852e00000,0x0000000852f00000)]
  0x000001104e9e5000 JavaThread "jar transforms Thread 49" [_thread_blocked, id=2036, stack(0x0000000852f00000,0x0000000853000000)]
  0x000001104e9df800 JavaThread "jar transforms Thread 50" [_thread_blocked, id=9192, stack(0x0000000853000000,0x0000000853100000)]
  0x000001104e9e3800 JavaThread "jar transforms Thread 51" [_thread_blocked, id=13128, stack(0x0000000853100000,0x0000000853200000)]
  0x000001104e9e6000 JavaThread "jar transforms Thread 52" [_thread_blocked, id=9736, stack(0x0000000853200000,0x0000000853300000)]
  0x000001104e9e0800 JavaThread "jar transforms Thread 53" [_thread_blocked, id=12020, stack(0x0000000853300000,0x0000000853400000)]
  0x000001104e9e4800 JavaThread "jar transforms Thread 54" [_thread_blocked, id=13048, stack(0x0000000853400000,0x0000000853500000)]
  0x000001104e9e7000 JavaThread "jar transforms Thread 55" [_thread_blocked, id=6572, stack(0x0000000853500000,0x0000000853600000)]
  0x000001104e9e1000 JavaThread "jar transforms Thread 56" [_thread_blocked, id=1264, stack(0x0000000853600000,0x0000000853700000)]
  0x000001104e9e2000 JavaThread "jar transforms Thread 57" [_thread_blocked, id=13264, stack(0x0000000853700000,0x0000000853800000)]
  0x00000110498c4800 JavaThread "jar transforms Thread 58" [_thread_blocked, id=3480, stack(0x0000000853800000,0x0000000853900000)]
  0x00000110498c3800 JavaThread "jar transforms Thread 59" [_thread_blocked, id=11348, stack(0x0000000853900000,0x0000000853a00000)]
  0x00000110498c6000 JavaThread "jar transforms Thread 60" [_thread_blocked, id=6680, stack(0x0000000853a00000,0x0000000853b00000)]
  0x00000110498c8800 JavaThread "jar transforms Thread 61" [_thread_blocked, id=11320, stack(0x0000000853b00000,0x0000000853c00000)]
  0x00000110498c7800 JavaThread "jar transforms Thread 62" [_thread_blocked, id=3416, stack(0x0000000853c00000,0x0000000853d00000)]
  0x00000110498c2800 JavaThread "jar transforms Thread 63" [_thread_blocked, id=236, stack(0x0000000853d00000,0x0000000853e00000)]
  0x00000110498c9800 JavaThread "jar transforms Thread 64" [_thread_blocked, id=11608, stack(0x0000000853e00000,0x0000000853f00000)]
  0x00000110498ca000 JavaThread "jar transforms Thread 65" [_thread_blocked, id=3904, stack(0x0000000853f00000,0x0000000854000000)]
  0x00000110498c7000 JavaThread "jar transforms Thread 66" [_thread_blocked, id=6244, stack(0x0000000854000000,0x0000000854100000)]
  0x00000110498cb000 JavaThread "jar transforms Thread 67" [_thread_blocked, id=12196, stack(0x0000000854100000,0x0000000854200000)]
  0x00000110498c5000 JavaThread "jar transforms Thread 68" [_thread_blocked, id=10640, stack(0x0000000854200000,0x0000000854300000)]
  0x00000110498d1800 JavaThread "jar transforms Thread 69" [_thread_blocked, id=9800, stack(0x0000000854300000,0x0000000854400000)]
  0x00000110498d0000 JavaThread "jar transforms Thread 70" [_thread_blocked, id=11216, stack(0x0000000854400000,0x0000000854500000)]
  0x00000110498cd800 JavaThread "jar transforms Thread 71" [_thread_blocked, id=5644, stack(0x0000000854500000,0x0000000854600000)]
  0x00000110498cb800 JavaThread "jar transforms Thread 72" [_thread_blocked, id=8988, stack(0x0000000854600000,0x0000000854700000)]
  0x00000110498cc800 JavaThread "jar transforms Thread 73" [_thread_blocked, id=5168, stack(0x0000000854700000,0x0000000854800000)]
  0x00000110498ce000 JavaThread "jar transforms Thread 74" [_thread_blocked, id=8588, stack(0x0000000854800000,0x0000000854900000)]
  0x00000110498cf000 JavaThread "jar transforms Thread 75" [_thread_blocked, id=10216, stack(0x0000000854900000,0x0000000854a00000)]
  0x00000110498d0800 JavaThread "jar transforms Thread 76" [_thread_blocked, id=9680, stack(0x0000000854a00000,0x0000000854b00000)]
  0x00000110496ff000 JavaThread "jar transforms Thread 77" [_thread_blocked, id=6356, stack(0x0000000854b00000,0x0000000854c00000)]
  0x00000110496fc800 JavaThread "jar transforms Thread 78" [_thread_blocked, id=1816, stack(0x0000000854c00000,0x0000000854d00000)]
  0x00000110496fd800 JavaThread "jar transforms Thread 79" [_thread_blocked, id=6036, stack(0x0000000854d00000,0x0000000854e00000)]
  0x0000011049704000 JavaThread "jar transforms Thread 80" [_thread_blocked, id=12752, stack(0x0000000854e00000,0x0000000854f00000)]
  0x0000011049703000 JavaThread "jar transforms Thread 81" [_thread_blocked, id=9500, stack(0x0000000854f00000,0x0000000855000000)]
  0x00000110496fe000 JavaThread "jar transforms Thread 82" [_thread_blocked, id=6816, stack(0x0000000855000000,0x0000000855100000)]
  0x0000011049704800 JavaThread "jar transforms Thread 83" [_thread_blocked, id=2160, stack(0x0000000855100000,0x0000000855200000)]
  0x0000011049701800 JavaThread "jar transforms Thread 84" [_thread_blocked, id=8200, stack(0x0000000855200000,0x0000000855300000)]
  0x0000011049702000 JavaThread "jar transforms Thread 85" [_thread_blocked, id=7488, stack(0x0000000855300000,0x0000000855400000)]
  0x00000110496ff800 JavaThread "jar transforms Thread 86" [_thread_blocked, id=7276, stack(0x0000000855400000,0x0000000855500000)]
  0x0000011049705800 JavaThread "jar transforms Thread 87" [_thread_blocked, id=12728, stack(0x0000000855500000,0x0000000855600000)]
  0x0000011049706000 JavaThread "jar transforms Thread 88" [_thread_blocked, id=8148, stack(0x0000000855600000,0x0000000855700000)]
  0x0000011049700800 JavaThread "jar transforms Thread 89" [_thread_blocked, id=2296, stack(0x0000000855700000,0x0000000855800000)]
  0x0000011049708000 JavaThread "jar transforms Thread 90" [_thread_blocked, id=8676, stack(0x0000000855800000,0x0000000855900000)]
  0x0000011049707000 JavaThread "jar transforms Thread 91" [_thread_blocked, id=3960, stack(0x0000000855900000,0x0000000855a00000)]
  0x0000011049708800 JavaThread "jar transforms Thread 92" [_thread_blocked, id=10372, stack(0x0000000855a00000,0x0000000855b00000)]
  0x0000011049709800 JavaThread "jar transforms Thread 93" [_thread_blocked, id=10552, stack(0x0000000855b00000,0x0000000855c00000)]
  0x000001104970a800 JavaThread "jar transforms Thread 94" [_thread_blocked, id=828, stack(0x0000000855c00000,0x0000000855d00000)]
  0x000001104970b000 JavaThread "jar transforms Thread 95" [_thread_blocked, id=32, stack(0x0000000855d00000,0x0000000855e00000)]
  0x000001104d70c800 JavaThread "jar transforms Thread 96" [_thread_blocked, id=6840, stack(0x0000000855e00000,0x0000000855f00000)]
  0x000001104d70e800 JavaThread "jar transforms Thread 97" [_thread_blocked, id=888, stack(0x0000000855f00000,0x0000000856000000)]
  0x000001104d70d800 JavaThread "jar transforms Thread 98" [_thread_blocked, id=5720, stack(0x0000000856000000,0x0000000856100000)]
  0x000001104d70a800 JavaThread "jar transforms Thread 99" [_thread_blocked, id=10264, stack(0x0000000856100000,0x0000000856200000)]
  0x000001104d70f000 JavaThread "jar transforms Thread 100" [_thread_blocked, id=13236, stack(0x0000000856200000,0x0000000856300000)]
  0x000001104d710000 JavaThread "jar transforms Thread 101" [_thread_blocked, id=11316, stack(0x0000000856300000,0x0000000856400000)]
  0x000001104d711000 JavaThread "jar transforms Thread 102" [_thread_blocked, id=6812, stack(0x0000000856400000,0x0000000856500000)]
  0x000001104d70b000 JavaThread "jar transforms Thread 103" [_thread_blocked, id=8420, stack(0x0000000856500000,0x0000000856600000)]
  0x000001104d711800 JavaThread "jar transforms Thread 104" [_thread_blocked, id=10612, stack(0x0000000856600000,0x0000000856700000)]
  0x000001104d70c000 JavaThread "jar transforms Thread 105" [_thread_blocked, id=2276, stack(0x0000000856700000,0x0000000856800000)]
  0x000001104d712800 JavaThread "jar transforms Thread 106" [_thread_blocked, id=9304, stack(0x0000000856800000,0x0000000856900000)]
  0x000001104d713000 JavaThread "jar transforms Thread 107" [_thread_blocked, id=5960, stack(0x0000000856900000,0x0000000856a00000)]
  0x000001104d714000 JavaThread "jar transforms Thread 108" [_thread_blocked, id=10464, stack(0x0000000856a00000,0x0000000856b00000)]
  0x000001104d718000 JavaThread "jar transforms Thread 109" [_thread_blocked, id=956, stack(0x0000000856b00000,0x0000000856c00000)]
  0x000001104d715000 JavaThread "jar transforms Thread 110" [_thread_blocked, id=10224, stack(0x0000000856c00000,0x0000000856d00000)]
  0x000001104d715800 JavaThread "jar transforms Thread 111" [_thread_blocked, id=10668, stack(0x0000000856d00000,0x0000000856e00000)]
  0x000001104d716800 JavaThread "jar transforms Thread 112" [_thread_blocked, id=10336, stack(0x0000000856e00000,0x0000000856f00000)]
  0x000001104d717800 JavaThread "jar transforms Thread 113" [_thread_blocked, id=9236, stack(0x0000000856f00000,0x0000000857000000)]
  0x000001104d719000 JavaThread "jar transforms Thread 114" [_thread_blocked, id=11028, stack(0x0000000857000000,0x0000000857100000)]
  0x000001104de73800 JavaThread "jar transforms Thread 115" [_thread_blocked, id=980, stack(0x0000000857100000,0x0000000857200000)]
  0x000001104de70800 JavaThread "jar transforms Thread 116" [_thread_blocked, id=3996, stack(0x0000000857200000,0x0000000857300000)]
  0x000001104de72000 JavaThread "Memory manager" [_thread_blocked, id=2832, stack(0x0000000857300000,0x0000000857400000)]
  0x000001104de74800 JavaThread "build event listener" [_thread_blocked, id=11980, stack(0x0000000857400000,0x0000000857500000)]
  0x000001104de71000 JavaThread "Execution worker for ':'" [_thread_blocked, id=512, stack(0x0000000857500000,0x0000000857600000)]
  0x000001104de6e800 JavaThread "Execution worker for ':' Thread 2" [_thread_blocked, id=12628, stack(0x0000000857600000,0x0000000857700000)]
  0x000001104de75000 JavaThread "Execution worker for ':' Thread 3" [_thread_blocked, id=12696, stack(0x0000000857700000,0x0000000857800000)]
  0x000001104de6f800 JavaThread "Cache worker for execution history cache (C:\Users\Oliver\Desktop\Projekte\foodtracker\android\.gradle\6.7\executionHistory)" [_thread_blocked, id=13124, stack(0x0000000857800000,0x0000000857900000)]
  0x000001104de77000 JavaThread "Exec process" [_thread_in_native, id=6960, stack(0x0000000857900000,0x0000000857a00000)]
  0x000001104de76000 JavaThread "Exec process Thread 2" [_thread_in_native, id=7552, stack(0x0000000857a00000,0x0000000857b00000)]
  0x000001104de7c800 JavaThread "Exec process Thread 3" [_thread_in_native, id=9332, stack(0x0000000857b00000,0x0000000857c00000)]

Other Threads:
  0x0000011048823800 VMThread "VM Thread" [stack: 0x000000084d600000,0x000000084d700000] [id=2976]
  0x0000011049378000 WatcherThread [stack: 0x000000084e000000,0x000000084e100000] [id=5612]
  0x000001102e056800 GCTaskThread "GC Thread#0" [stack: 0x000000084d100000,0x000000084d200000] [id=3944]
  0x0000011049e9b800 GCTaskThread "GC Thread#1" [stack: 0x000000084e100000,0x000000084e200000] [id=12640]
  0x0000011049e9c000 GCTaskThread "GC Thread#2" [stack: 0x000000084e200000,0x000000084e300000] [id=12868]
  0x000001104a5e2800 GCTaskThread "GC Thread#3" [stack: 0x000000084ef00000,0x000000084f000000] [id=12896]
  0x000001102e07c000 ConcurrentGCThread "G1 Main Marker" [stack: 0x000000084d200000,0x000000084d300000] [id=4064]
  0x000001102e07e800 ConcurrentGCThread "G1 Conc#0" [stack: 0x000000084d300000,0x000000084d400000] [id=7644]
  0x000001102e10c800 ConcurrentGCThread "G1 Refine#0" [stack: 0x000000084d400000,0x000000084d500000] [id=8684]
  0x000001102e10d800 ConcurrentGCThread "G1 Young RemSet Sampling" [stack: 0x000000084d500000,0x000000084d600000] [id=4660]

Threads with active compile tasks:
C2 CompilerThread0  49660 9399       4       org.gradle.internal.logging.text.AbstractLineChoppingStyledTextOutput::doAppend (43 bytes)

VM state:not at safepoint (normal execution)

VM Mutex/Monitor currently owned by a thread: None

Heap address: 0x00000000a0000000, size: 1536 MB, Compressed Oops mode: 32-bit
Narrow klass base: 0x0000000000000000, Narrow klass shift: 3
Compressed class space size: 1073741824 Address: 0x0000000100000000

Heap:
 garbage-first heap   total 208896K, used 93606K [0x00000000a0000000, 0x0000000100000000)
  region size 1024K, 13 young (13312K), 10 survivors (10240K)
 Metaspace       used 81117K, capacity 83775K, committed 84004K, reserved 1122304K
  class space    used 10641K, capacity 11538K, committed 11648K, reserved 1048576K
Heap Regions: E=young(eden), S=young(survivor), O=old, HS=humongous(starts), HC=humongous(continues), CS=collection set, F=free, A=archive, TAMS=top-at-mark-start (previous, next)
|   0|0x00000000a0000000, 0x00000000a0100000, 0x00000000a0100000|100%| O|  |TAMS 0x00000000a0100000, 0x00000000a0000000| Untracked 
|   1|0x00000000a0100000, 0x00000000a0200000, 0x00000000a0200000|100%| O|  |TAMS 0x00000000a0200000, 0x00000000a0100000| Untracked 
|   2|0x00000000a0200000, 0x00000000a0300000, 0x00000000a0300000|100%| O|  |TAMS 0x00000000a0300000, 0x00000000a0200000| Untracked 
|   3|0x00000000a0300000, 0x00000000a0400000, 0x00000000a0400000|100%|HS|  |TAMS 0x00000000a0400000, 0x00000000a0300000| Complete 
|   4|0x00000000a0400000, 0x00000000a0500000, 0x00000000a0500000|100%|HC|  |TAMS 0x00000000a0500000, 0x00000000a0400000| Complete 
|   5|0x00000000a0500000, 0x00000000a0600000, 0x00000000a0600000|100%|HC|  |TAMS 0x00000000a0600000, 0x00000000a0500000| Complete 
|   6|0x00000000a0600000, 0x00000000a0700000, 0x00000000a0700000|100%| O|  |TAMS 0x00000000a0700000, 0x00000000a0600000| Untracked 
|   7|0x00000000a0700000, 0x00000000a0800000, 0x00000000a0800000|100%| O|  |TAMS 0x00000000a0800000, 0x00000000a0700000| Untracked 
|   8|0x00000000a0800000, 0x00000000a0900000, 0x00000000a0900000|100%| O|  |TAMS 0x00000000a0900000, 0x00000000a0800000| Untracked 
|   9|0x00000000a0900000, 0x00000000a0a00000, 0x00000000a0a00000|100%| O|  |TAMS 0x00000000a0a00000, 0x00000000a0900000| Untracked 
|  10|0x00000000a0a00000, 0x00000000a0b00000, 0x00000000a0b00000|100%| O|  |TAMS 0x00000000a0b00000, 0x00000000a0a00000| Untracked 
|  11|0x00000000a0b00000, 0x00000000a0c00000, 0x00000000a0c00000|100%| O|  |TAMS 0x00000000a0c00000, 0x00000000a0b00000| Untracked 
|  12|0x00000000a0c00000, 0x00000000a0d00000, 0x00000000a0d00000|100%| O|  |TAMS 0x00000000a0d00000, 0x00000000a0c00000| Untracked 
|  13|0x00000000a0d00000, 0x00000000a0e00000, 0x00000000a0e00000|100%| O|  |TAMS 0x00000000a0e00000, 0x00000000a0d00000| Untracked 
|  14|0x00000000a0e00000, 0x00000000a0f00000, 0x00000000a0f00000|100%| O|  |TAMS 0x00000000a0f00000, 0x00000000a0e00000| Untracked 
|  15|0x00000000a0f00000, 0x00000000a1000000, 0x00000000a1000000|100%| O|  |TAMS 0x00000000a1000000, 0x00000000a0f00000| Untracked 
|  16|0x00000000a1000000, 0x00000000a1100000, 0x00000000a1100000|100%| O|  |TAMS 0x00000000a1100000, 0x00000000a1000000| Untracked 
|  17|0x00000000a1100000, 0x00000000a1200000, 0x00000000a1200000|100%| O|  |TAMS 0x00000000a1200000, 0x00000000a1100000| Untracked 
|  18|0x00000000a1200000, 0x00000000a1300000, 0x00000000a1300000|100%| O|  |TAMS 0x00000000a1300000, 0x00000000a1200000| Untracked 
|  19|0x00000000a1300000, 0x00000000a1400000, 0x00000000a1400000|100%| O|  |TAMS 0x00000000a1400000, 0x00000000a1300000| Untracked 
|  20|0x00000000a1400000, 0x00000000a1500000, 0x00000000a1500000|100%| O|  |TAMS 0x00000000a1500000, 0x00000000a1400000| Untracked 
|  21|0x00000000a1500000, 0x00000000a1600000, 0x00000000a1600000|100%| O|  |TAMS 0x00000000a1600000, 0x00000000a1500000| Untracked 
|  22|0x00000000a1600000, 0x00000000a1700000, 0x00000000a1700000|100%|HS|  |TAMS 0x00000000a1700000, 0x00000000a1600000| Complete 
|  23|0x00000000a1700000, 0x00000000a1800000, 0x00000000a1800000|100%|HS|  |TAMS 0x00000000a1800000, 0x00000000a1700000| Complete 
|  24|0x00000000a1800000, 0x00000000a1900000, 0x00000000a1900000|100%|HS|  |TAMS 0x00000000a1900000, 0x00000000a1800000| Complete 
|  25|0x00000000a1900000, 0x00000000a1a00000, 0x00000000a1a00000|100%|HC|  |TAMS 0x00000000a1a00000, 0x00000000a1900000| Complete 
|  26|0x00000000a1a00000, 0x00000000a1b00000, 0x00000000a1b00000|100%|HC|  |TAMS 0x00000000a1b00000, 0x00000000a1a00000| Complete 
|  27|0x00000000a1b00000, 0x00000000a1c00000, 0x00000000a1c00000|100%|HS|  |TAMS 0x00000000a1c00000, 0x00000000a1b00000| Complete 
|  28|0x00000000a1c00000, 0x00000000a1d00000, 0x00000000a1d00000|100%|HC|  |TAMS 0x00000000a1d00000, 0x00000000a1c00000| Complete 
|  29|0x00000000a1d00000, 0x00000000a1e00000, 0x00000000a1e00000|100%| O|  |TAMS 0x00000000a1e00000, 0x00000000a1d00000| Untracked 
|  30|0x00000000a1e00000, 0x00000000a1f00000, 0x00000000a1f00000|100%| O|  |TAMS 0x00000000a1f00000, 0x00000000a1e00000| Untracked 
|  31|0x00000000a1f00000, 0x00000000a2000000, 0x00000000a2000000|100%| O|  |TAMS 0x00000000a2000000, 0x00000000a1f00000| Untracked 
|  32|0x00000000a2000000, 0x00000000a2100000, 0x00000000a2100000|100%| O|  |TAMS 0x00000000a2100000, 0x00000000a2000000| Untracked 
|  33|0x00000000a2100000, 0x00000000a2200000, 0x00000000a2200000|100%| O|  |TAMS 0x00000000a2200000, 0x00000000a2100000| Untracked 
|  34|0x00000000a2200000, 0x00000000a2300000, 0x00000000a2300000|100%| O|  |TAMS 0x00000000a2300000, 0x00000000a2200000| Untracked 
|  35|0x00000000a2300000, 0x00000000a2400000, 0x00000000a2400000|100%| O|  |TAMS 0x00000000a2400000, 0x00000000a2300000| Untracked 
|  36|0x00000000a2400000, 0x00000000a2500000, 0x00000000a2500000|100%| O|  |TAMS 0x00000000a2500000, 0x00000000a2400000| Untracked 
|  37|0x00000000a2500000, 0x00000000a2600000, 0x00000000a2600000|100%| O|  |TAMS 0x00000000a2600000, 0x00000000a2500000| Untracked 
|  38|0x00000000a2600000, 0x00000000a2700000, 0x00000000a2700000|100%| O|  |TAMS 0x00000000a2700000, 0x00000000a2600000| Untracked 
|  39|0x00000000a2700000, 0x00000000a2800000, 0x00000000a2800000|100%| O|  |TAMS 0x00000000a2800000, 0x00000000a2700000| Untracked 
|  40|0x00000000a2800000, 0x00000000a2900000, 0x00000000a2900000|100%| O|  |TAMS 0x00000000a2900000, 0x00000000a2800000| Untracked 
|  41|0x00000000a2900000, 0x00000000a2a00000, 0x00000000a2a00000|100%| O|  |TAMS 0x00000000a2a00000, 0x00000000a2900000| Untracked 
|  42|0x00000000a2a00000, 0x00000000a2b00000, 0x00000000a2b00000|100%| O|  |TAMS 0x00000000a2b00000, 0x00000000a2a00000| Untracked 
|  43|0x00000000a2b00000, 0x00000000a2c00000, 0x00000000a2c00000|100%| O|  |TAMS 0x00000000a2bbc000, 0x00000000a2b00000| Untracked 
|  44|0x00000000a2c00000, 0x00000000a2d00000, 0x00000000a2d00000|100%| O|  |TAMS 0x00000000a2c00000, 0x00000000a2c00000| Untracked 
|  45|0x00000000a2d00000, 0x00000000a2e00000, 0x00000000a2e00000|100%| O|  |TAMS 0x00000000a2d00000, 0x00000000a2d00000| Untracked 
|  46|0x00000000a2e00000, 0x00000000a2f00000, 0x00000000a2f00000|100%| O|  |TAMS 0x00000000a2e00000, 0x00000000a2e00000| Untracked 
|  47|0x00000000a2f00000, 0x00000000a3000000, 0x00000000a3000000|100%| O|  |TAMS 0x00000000a2f00000, 0x00000000a2f00000| Untracked 
|  48|0x00000000a3000000, 0x00000000a3100000, 0x00000000a3100000|100%| O|  |TAMS 0x00000000a3000000, 0x00000000a3000000| Untracked 
|  49|0x00000000a3100000, 0x00000000a3200000, 0x00000000a3200000|100%| O|  |TAMS 0x00000000a3100000, 0x00000000a3100000| Untracked 
|  50|0x00000000a3200000, 0x00000000a3300000, 0x00000000a3300000|100%| O|  |TAMS 0x00000000a3200000, 0x00000000a3200000| Untracked 
|  51|0x00000000a3300000, 0x00000000a3400000, 0x00000000a3400000|100%| O|  |TAMS 0x00000000a3300000, 0x00000000a3300000| Untracked 
|  52|0x00000000a3400000, 0x00000000a3500000, 0x00000000a3500000|100%| O|  |TAMS 0x00000000a3400000, 0x00000000a3400000| Untracked 
|  53|0x00000000a3500000, 0x00000000a3600000, 0x00000000a3600000|100%| O|  |TAMS 0x00000000a3500000, 0x00000000a3500000| Untracked 
|  54|0x00000000a3600000, 0x00000000a3700000, 0x00000000a3700000|100%| O|  |TAMS 0x00000000a3600000, 0x00000000a3600000| Untracked 
|  55|0x00000000a3700000, 0x00000000a3800000, 0x00000000a3800000|100%| O|  |TAMS 0x00000000a3700000, 0x00000000a3700000| Untracked 
|  56|0x00000000a3800000, 0x00000000a3900000, 0x00000000a3900000|100%| O|  |TAMS 0x00000000a3800000, 0x00000000a3800000| Untracked 
|  57|0x00000000a3900000, 0x00000000a3a00000, 0x00000000a3a00000|100%| O|  |TAMS 0x00000000a3900000, 0x00000000a3900000| Untracked 
|  58|0x00000000a3a00000, 0x00000000a3b00000, 0x00000000a3b00000|100%| O|  |TAMS 0x00000000a3a00000, 0x00000000a3a00000| Untracked 
|  59|0x00000000a3b00000, 0x00000000a3c00000, 0x00000000a3c00000|100%| O|  |TAMS 0x00000000a3b00000, 0x00000000a3b00000| Untracked 
|  60|0x00000000a3c00000, 0x00000000a3d00000, 0x00000000a3d00000|100%| O|  |TAMS 0x00000000a3c00000, 0x00000000a3c00000| Untracked 
|  61|0x00000000a3d00000, 0x00000000a3e00000, 0x00000000a3e00000|100%| O|  |TAMS 0x00000000a3d00000, 0x00000000a3d00000| Untracked 
|  62|0x00000000a3e00000, 0x00000000a3f00000, 0x00000000a3f00000|100%| O|  |TAMS 0x00000000a3e00000, 0x00000000a3e00000| Untracked 
|  63|0x00000000a3f00000, 0x00000000a4000000, 0x00000000a4000000|100%| O|  |TAMS 0x00000000a3f00000, 0x00000000a3f00000| Untracked 
|  64|0x00000000a4000000, 0x00000000a4100000, 0x00000000a4100000|100%| O|  |TAMS 0x00000000a4000000, 0x00000000a4000000| Untracked 
|  65|0x00000000a4100000, 0x00000000a4200000, 0x00000000a4200000|100%| O|  |TAMS 0x00000000a4100000, 0x00000000a4100000| Untracked 
|  66|0x00000000a4200000, 0x00000000a4300000, 0x00000000a4300000|100%| O|  |TAMS 0x00000000a4200000, 0x00000000a4200000| Untracked 
|  67|0x00000000a4300000, 0x00000000a4400000, 0x00000000a4400000|100%| O|  |TAMS 0x00000000a4300000, 0x00000000a4300000| Untracked 
|  68|0x00000000a4400000, 0x00000000a4500000, 0x00000000a4500000|100%| O|  |TAMS 0x00000000a4400000, 0x00000000a4400000| Untracked 
|  69|0x00000000a4500000, 0x00000000a4600000, 0x00000000a4600000|100%| O|  |TAMS 0x00000000a4500000, 0x00000000a4500000| Untracked 
|  70|0x00000000a4600000, 0x00000000a4700000, 0x00000000a4700000|100%| O|  |TAMS 0x00000000a4600000, 0x00000000a4600000| Untracked 
|  71|0x00000000a4700000, 0x00000000a4800000, 0x00000000a4800000|100%| O|  |TAMS 0x00000000a4700000, 0x00000000a4700000| Untracked 
|  72|0x00000000a4800000, 0x00000000a4900000, 0x00000000a4900000|100%| O|  |TAMS 0x00000000a4800000, 0x00000000a4800000| Untracked 
|  73|0x00000000a4900000, 0x00000000a4a00000, 0x00000000a4a00000|100%| O|  |TAMS 0x00000000a4900000, 0x00000000a4900000| Untracked 
|  74|0x00000000a4a00000, 0x00000000a4b00000, 0x00000000a4b00000|100%| O|  |TAMS 0x00000000a4a00000, 0x00000000a4a00000| Untracked 
|  75|0x00000000a4b00000, 0x00000000a4c00000, 0x00000000a4c00000|100%| O|  |TAMS 0x00000000a4b00000, 0x00000000a4b00000| Untracked 
|  76|0x00000000a4c00000, 0x00000000a4d00000, 0x00000000a4d00000|100%| O|  |TAMS 0x00000000a4c00000, 0x00000000a4c00000| Untracked 
|  77|0x00000000a4d00000, 0x00000000a4e00000, 0x00000000a4e00000|100%| O|  |TAMS 0x00000000a4d00000, 0x00000000a4d00000| Untracked 
|  78|0x00000000a4e00000, 0x00000000a4f00000, 0x00000000a4f00000|100%| O|  |TAMS 0x00000000a4e00000, 0x00000000a4e00000| Untracked 
|  79|0x00000000a4f00000, 0x00000000a4f79c00, 0x00000000a5000000| 47%| O|  |TAMS 0x00000000a4f00000, 0x00000000a4f00000| Untracked 
|  80|0x00000000a5000000, 0x00000000a5000000, 0x00000000a5100000|  0%| F|  |TAMS 0x00000000a5000000, 0x00000000a5000000| Untracked 
|  81|0x00000000a5100000, 0x00000000a5100000, 0x00000000a5200000|  0%| F|  |TAMS 0x00000000a5100000, 0x00000000a5100000| Untracked 
|  82|0x00000000a5200000, 0x00000000a5200000, 0x00000000a5300000|  0%| F|  |TAMS 0x00000000a5200000, 0x00000000a5200000| Untracked 
|  83|0x00000000a5300000, 0x00000000a5300000, 0x00000000a5400000|  0%| F|  |TAMS 0x00000000a5300000, 0x00000000a5300000| Untracked 
|  84|0x00000000a5400000, 0x00000000a5400000, 0x00000000a5500000|  0%| F|  |TAMS 0x00000000a5400000, 0x00000000a5400000| Untracked 
|  85|0x00000000a5500000, 0x00000000a5500000, 0x00000000a5600000|  0%| F|  |TAMS 0x00000000a5500000, 0x00000000a5500000| Untracked 
|  86|0x00000000a5600000, 0x00000000a5600000, 0x00000000a5700000|  0%| F|  |TAMS 0x00000000a5600000, 0x00000000a5600000| Untracked 
|  87|0x00000000a5700000, 0x00000000a5700000, 0x00000000a5800000|  0%| F|  |TAMS 0x00000000a5700000, 0x00000000a5700000| Untracked 
|  88|0x00000000a5800000, 0x00000000a5800000, 0x00000000a5900000|  0%| F|  |TAMS 0x00000000a5800000, 0x00000000a5800000| Untracked 
|  89|0x00000000a5900000, 0x00000000a5900000, 0x00000000a5a00000|  0%| F|  |TAMS 0x00000000a5900000, 0x00000000a5900000| Untracked 
|  90|0x00000000a5a00000, 0x00000000a5a00000, 0x00000000a5b00000|  0%| F|  |TAMS 0x00000000a5a00000, 0x00000000a5a00000| Untracked 
|  91|0x00000000a5b00000, 0x00000000a5b00000, 0x00000000a5c00000|  0%| F|  |TAMS 0x00000000a5b00000, 0x00000000a5b00000| Untracked 
|  92|0x00000000a5c00000, 0x00000000a5c00000, 0x00000000a5d00000|  0%| F|  |TAMS 0x00000000a5c00000, 0x00000000a5c00000| Untracked 
|  93|0x00000000a5d00000, 0x00000000a5d00000, 0x00000000a5e00000|  0%| F|  |TAMS 0x00000000a5d00000, 0x00000000a5d00000| Untracked 
|  94|0x00000000a5e00000, 0x00000000a5e00000, 0x00000000a5f00000|  0%| F|  |TAMS 0x00000000a5e00000, 0x00000000a5e00000| Untracked 
|  95|0x00000000a5f00000, 0x00000000a5f00000, 0x00000000a6000000|  0%| F|  |TAMS 0x00000000a5f00000, 0x00000000a5f00000| Untracked 
|  96|0x00000000a6000000, 0x00000000a6000000, 0x00000000a6100000|  0%| F|  |TAMS 0x00000000a6000000, 0x00000000a6000000| Untracked 
|  97|0x00000000a6100000, 0x00000000a6100000, 0x00000000a6200000|  0%| F|  |TAMS 0x00000000a6100000, 0x00000000a6100000| Untracked 
|  98|0x00000000a6200000, 0x00000000a6200000, 0x00000000a6300000|  0%| F|  |TAMS 0x00000000a6200000, 0x00000000a6200000| Untracked 
|  99|0x00000000a6300000, 0x00000000a6300000, 0x00000000a6400000|  0%| F|  |TAMS 0x00000000a6300000, 0x00000000a6300000| Untracked 
| 100|0x00000000a6400000, 0x00000000a6400000, 0x00000000a6500000|  0%| F|  |TAMS 0x00000000a6400000, 0x00000000a6400000| Untracked 
| 101|0x00000000a6500000, 0x00000000a6500000, 0x00000000a6600000|  0%| F|  |TAMS 0x00000000a6500000, 0x00000000a6500000| Untracked 
| 102|0x00000000a6600000, 0x00000000a6600000, 0x00000000a6700000|  0%| F|  |TAMS 0x00000000a6600000, 0x00000000a6600000| Untracked 
| 103|0x00000000a6700000, 0x00000000a6700000, 0x00000000a6800000|  0%| F|  |TAMS 0x00000000a6700000, 0x00000000a6700000| Untracked 
| 104|0x00000000a6800000, 0x00000000a6800000, 0x00000000a6900000|  0%| F|  |TAMS 0x00000000a6800000, 0x00000000a6800000| Untracked 
| 105|0x00000000a6900000, 0x00000000a6900000, 0x00000000a6a00000|  0%| F|  |TAMS 0x00000000a6900000, 0x00000000a6900000| Untracked 
| 106|0x00000000a6a00000, 0x00000000a6a00000, 0x00000000a6b00000|  0%| F|  |TAMS 0x00000000a6a00000, 0x00000000a6a00000| Untracked 
| 107|0x00000000a6b00000, 0x00000000a6b00000, 0x00000000a6c00000|  0%| F|  |TAMS 0x00000000a6b00000, 0x00000000a6b00000| Untracked 
| 108|0x00000000a6c00000, 0x00000000a6c00000, 0x00000000a6d00000|  0%| F|  |TAMS 0x00000000a6c00000, 0x00000000a6c00000| Untracked 
| 109|0x00000000a6d00000, 0x00000000a6d00000, 0x00000000a6e00000|  0%| F|  |TAMS 0x00000000a6d00000, 0x00000000a6d00000| Untracked 
| 110|0x00000000a6e00000, 0x00000000a6e00000, 0x00000000a6f00000|  0%| F|  |TAMS 0x00000000a6e00000, 0x00000000a6e00000| Untracked 
| 111|0x00000000a6f00000, 0x00000000a6f00000, 0x00000000a7000000|  0%| F|  |TAMS 0x00000000a6f00000, 0x00000000a6f00000| Untracked 
| 112|0x00000000a7000000, 0x00000000a7000000, 0x00000000a7100000|  0%| F|  |TAMS 0x00000000a7000000, 0x00000000a7000000| Untracked 
| 113|0x00000000a7100000, 0x00000000a7100000, 0x00000000a7200000|  0%| F|  |TAMS 0x00000000a7100000, 0x00000000a7100000| Untracked 
| 114|0x00000000a7200000, 0x00000000a7200000, 0x00000000a7300000|  0%| F|  |TAMS 0x00000000a7200000, 0x00000000a7200000| Untracked 
| 115|0x00000000a7300000, 0x00000000a7300000, 0x00000000a7400000|  0%| F|  |TAMS 0x00000000a7300000, 0x00000000a7300000| Untracked 
| 116|0x00000000a7400000, 0x00000000a74efe50, 0x00000000a7500000| 93%| S|CS|TAMS 0x00000000a7400000, 0x00000000a7400000| Complete 
| 117|0x00000000a7500000, 0x00000000a7600000, 0x00000000a7600000|100%| S|CS|TAMS 0x00000000a7500000, 0x00000000a7500000| Complete 
| 118|0x00000000a7600000, 0x00000000a7700000, 0x00000000a7700000|100%| S|CS|TAMS 0x00000000a7600000, 0x00000000a7600000| Complete 
| 119|0x00000000a7700000, 0x00000000a7800000, 0x00000000a7800000|100%| S|CS|TAMS 0x00000000a7700000, 0x00000000a7700000| Complete 
| 120|0x00000000a7800000, 0x00000000a7900000, 0x00000000a7900000|100%| S|CS|TAMS 0x00000000a7800000, 0x00000000a7800000| Complete 
| 121|0x00000000a7900000, 0x00000000a7a00000, 0x00000000a7a00000|100%| S|CS|TAMS 0x00000000a7900000, 0x00000000a7900000| Complete 
| 122|0x00000000a7a00000, 0x00000000a7b00000, 0x00000000a7b00000|100%| S|CS|TAMS 0x00000000a7a00000, 0x00000000a7a00000| Complete 
| 123|0x00000000a7b00000, 0x00000000a7c00000, 0x00000000a7c00000|100%| S|CS|TAMS 0x00000000a7b00000, 0x00000000a7b00000| Complete 
| 124|0x00000000a7c00000, 0x00000000a7d00000, 0x00000000a7d00000|100%| S|CS|TAMS 0x00000000a7c00000, 0x00000000a7c00000| Complete 
| 125|0x00000000a7d00000, 0x00000000a7e00000, 0x00000000a7e00000|100%| S|CS|TAMS 0x00000000a7d00000, 0x00000000a7d00000| Complete 
| 126|0x00000000a7e00000, 0x00000000a7e00000, 0x00000000a7f00000|  0%| F|  |TAMS 0x00000000a7e00000, 0x00000000a7e00000| Untracked 
| 127|0x00000000a7f00000, 0x00000000a7f00000, 0x00000000a8000000|  0%| F|  |TAMS 0x00000000a7f00000, 0x00000000a7f00000| Untracked 
| 128|0x00000000a8000000, 0x00000000a8000000, 0x00000000a8100000|  0%| F|  |TAMS 0x00000000a8000000, 0x00000000a8000000| Untracked 
| 129|0x00000000a8100000, 0x00000000a8100000, 0x00000000a8200000|  0%| F|  |TAMS 0x00000000a8100000, 0x00000000a8100000| Untracked 
| 130|0x00000000a8200000, 0x00000000a8200000, 0x00000000a8300000|  0%| F|  |TAMS 0x00000000a8200000, 0x00000000a8200000| Untracked 
| 131|0x00000000a8300000, 0x00000000a8300000, 0x00000000a8400000|  0%| F|  |TAMS 0x00000000a8300000, 0x00000000a8300000| Untracked 
| 132|0x00000000a8400000, 0x00000000a8400000, 0x00000000a8500000|  0%| F|  |TAMS 0x00000000a8400000, 0x00000000a8400000| Untracked 
| 133|0x00000000a8500000, 0x00000000a8500000, 0x00000000a8600000|  0%| F|  |TAMS 0x00000000a8500000, 0x00000000a8500000| Untracked 
| 134|0x00000000a8600000, 0x00000000a8600000, 0x00000000a8700000|  0%| F|  |TAMS 0x00000000a8600000, 0x00000000a8600000| Untracked 
| 135|0x00000000a8700000, 0x00000000a8700000, 0x00000000a8800000|  0%| F|  |TAMS 0x00000000a8700000, 0x00000000a8700000| Untracked 
| 136|0x00000000a8800000, 0x00000000a8800000, 0x00000000a8900000|  0%| F|  |TAMS 0x00000000a8800000, 0x00000000a8800000| Untracked 
| 137|0x00000000a8900000, 0x00000000a8900000, 0x00000000a8a00000|  0%| F|  |TAMS 0x00000000a8900000, 0x00000000a8900000| Untracked 
| 138|0x00000000a8a00000, 0x00000000a8a00000, 0x00000000a8b00000|  0%| F|  |TAMS 0x00000000a8a00000, 0x00000000a8a00000| Untracked 
| 139|0x00000000a8b00000, 0x00000000a8b00000, 0x00000000a8c00000|  0%| F|  |TAMS 0x00000000a8b00000, 0x00000000a8b00000| Untracked 
| 140|0x00000000a8c00000, 0x00000000a8c00000, 0x00000000a8d00000|  0%| F|  |TAMS 0x00000000a8c00000, 0x00000000a8c00000| Untracked 
| 141|0x00000000a8d00000, 0x00000000a8d00000, 0x00000000a8e00000|  0%| F|  |TAMS 0x00000000a8d00000, 0x00000000a8d00000| Untracked 
| 142|0x00000000a8e00000, 0x00000000a8e00000, 0x00000000a8f00000|  0%| F|  |TAMS 0x00000000a8e00000, 0x00000000a8e00000| Untracked 
| 143|0x00000000a8f00000, 0x00000000a8f00000, 0x00000000a9000000|  0%| F|  |TAMS 0x00000000a8f00000, 0x00000000a8f00000| Untracked 
| 144|0x00000000a9000000, 0x00000000a9000000, 0x00000000a9100000|  0%| F|  |TAMS 0x00000000a9000000, 0x00000000a9000000| Untracked 
| 145|0x00000000a9100000, 0x00000000a9100000, 0x00000000a9200000|  0%| F|  |TAMS 0x00000000a9100000, 0x00000000a9100000| Untracked 
| 146|0x00000000a9200000, 0x00000000a9200000, 0x00000000a9300000|  0%| F|  |TAMS 0x00000000a9200000, 0x00000000a9200000| Untracked 
| 147|0x00000000a9300000, 0x00000000a9300000, 0x00000000a9400000|  0%| F|  |TAMS 0x00000000a9300000, 0x00000000a9300000| Untracked 
| 148|0x00000000a9400000, 0x00000000a9400000, 0x00000000a9500000|  0%| F|  |TAMS 0x00000000a9400000, 0x00000000a9400000| Untracked 
| 149|0x00000000a9500000, 0x00000000a9500000, 0x00000000a9600000|  0%| F|  |TAMS 0x00000000a9500000, 0x00000000a9500000| Untracked 
| 150|0x00000000a9600000, 0x00000000a9600000, 0x00000000a9700000|  0%| F|  |TAMS 0x00000000a9600000, 0x00000000a9600000| Untracked 
| 151|0x00000000a9700000, 0x00000000a9700000, 0x00000000a9800000|  0%| F|  |TAMS 0x00000000a9700000, 0x00000000a9700000| Untracked 
| 152|0x00000000a9800000, 0x00000000a9800000, 0x00000000a9900000|  0%| F|  |TAMS 0x00000000a9800000, 0x00000000a9800000| Untracked 
| 153|0x00000000a9900000, 0x00000000a9900000, 0x00000000a9a00000|  0%| F|  |TAMS 0x00000000a9900000, 0x00000000a9900000| Untracked 
| 154|0x00000000a9a00000, 0x00000000a9a00000, 0x00000000a9b00000|  0%| F|  |TAMS 0x00000000a9a00000, 0x00000000a9a00000| Untracked 
| 155|0x00000000a9b00000, 0x00000000a9b00000, 0x00000000a9c00000|  0%| F|  |TAMS 0x00000000a9b00000, 0x00000000a9b00000| Untracked 
| 156|0x00000000a9c00000, 0x00000000a9c00000, 0x00000000a9d00000|  0%| F|  |TAMS 0x00000000a9c00000, 0x00000000a9c00000| Untracked 
| 157|0x00000000a9d00000, 0x00000000a9d00000, 0x00000000a9e00000|  0%| F|  |TAMS 0x00000000a9d00000, 0x00000000a9d00000| Untracked 
| 158|0x00000000a9e00000, 0x00000000a9e00000, 0x00000000a9f00000|  0%| F|  |TAMS 0x00000000a9e00000, 0x00000000a9e00000| Untracked 
| 159|0x00000000a9f00000, 0x00000000a9f00000, 0x00000000aa000000|  0%| F|  |TAMS 0x00000000a9f00000, 0x00000000a9f00000| Untracked 
| 160|0x00000000aa000000, 0x00000000aa000000, 0x00000000aa100000|  0%| F|  |TAMS 0x00000000aa000000, 0x00000000aa000000| Untracked 
| 161|0x00000000aa100000, 0x00000000aa100000, 0x00000000aa200000|  0%| F|  |TAMS 0x00000000aa100000, 0x00000000aa100000| Untracked 
| 162|0x00000000aa200000, 0x00000000aa200000, 0x00000000aa300000|  0%| F|  |TAMS 0x00000000aa200000, 0x00000000aa200000| Untracked 
| 163|0x00000000aa300000, 0x00000000aa300000, 0x00000000aa400000|  0%| F|  |TAMS 0x00000000aa300000, 0x00000000aa300000| Untracked 
| 164|0x00000000aa400000, 0x00000000aa400000, 0x00000000aa500000|  0%| F|  |TAMS 0x00000000aa400000, 0x00000000aa400000| Untracked 
| 165|0x00000000aa500000, 0x00000000aa500000, 0x00000000aa600000|  0%| F|  |TAMS 0x00000000aa500000, 0x00000000aa500000| Untracked 
| 166|0x00000000aa600000, 0x00000000aa600000, 0x00000000aa700000|  0%| F|  |TAMS 0x00000000aa600000, 0x00000000aa600000| Untracked 
| 167|0x00000000aa700000, 0x00000000aa700000, 0x00000000aa800000|  0%| F|  |TAMS 0x00000000aa700000, 0x00000000aa700000| Untracked 
| 168|0x00000000aa800000, 0x00000000aa800000, 0x00000000aa900000|  0%| F|  |TAMS 0x00000000aa800000, 0x00000000aa800000| Untracked 
| 169|0x00000000aa900000, 0x00000000aa900000, 0x00000000aaa00000|  0%| F|  |TAMS 0x00000000aa900000, 0x00000000aa900000| Untracked 
| 170|0x00000000aaa00000, 0x00000000aaa00000, 0x00000000aab00000|  0%| F|  |TAMS 0x00000000aaa00000, 0x00000000aaa00000| Untracked 
| 171|0x00000000aab00000, 0x00000000aab00000, 0x00000000aac00000|  0%| F|  |TAMS 0x00000000aab00000, 0x00000000aab00000| Untracked 
| 172|0x00000000aac00000, 0x00000000aac00000, 0x00000000aad00000|  0%| F|  |TAMS 0x00000000aac00000, 0x00000000aac00000| Untracked 
| 173|0x00000000aad00000, 0x00000000aad00000, 0x00000000aae00000|  0%| F|  |TAMS 0x00000000aad00000, 0x00000000aad00000| Untracked 
| 174|0x00000000aae00000, 0x00000000aae00000, 0x00000000aaf00000|  0%| F|  |TAMS 0x00000000aae00000, 0x00000000aae00000| Untracked 
| 175|0x00000000aaf00000, 0x00000000aaf00000, 0x00000000ab000000|  0%| F|  |TAMS 0x00000000aaf00000, 0x00000000aaf00000| Untracked 
| 176|0x00000000ab000000, 0x00000000ab000000, 0x00000000ab100000|  0%| F|  |TAMS 0x00000000ab000000, 0x00000000ab000000| Untracked 
| 177|0x00000000ab100000, 0x00000000ab100000, 0x00000000ab200000|  0%| F|  |TAMS 0x00000000ab100000, 0x00000000ab100000| Untracked 
| 178|0x00000000ab200000, 0x00000000ab200000, 0x00000000ab300000|  0%| F|  |TAMS 0x00000000ab200000, 0x00000000ab200000| Untracked 
| 179|0x00000000ab300000, 0x00000000ab300000, 0x00000000ab400000|  0%| F|  |TAMS 0x00000000ab300000, 0x00000000ab300000| Untracked 
| 180|0x00000000ab400000, 0x00000000ab400000, 0x00000000ab500000|  0%| F|  |TAMS 0x00000000ab400000, 0x00000000ab400000| Untracked 
| 181|0x00000000ab500000, 0x00000000ab500000, 0x00000000ab600000|  0%| F|  |TAMS 0x00000000ab500000, 0x00000000ab500000| Untracked 
| 182|0x00000000ab600000, 0x00000000ab600000, 0x00000000ab700000|  0%| F|  |TAMS 0x00000000ab600000, 0x00000000ab600000| Untracked 
| 183|0x00000000ab700000, 0x00000000ab700000, 0x00000000ab800000|  0%| F|  |TAMS 0x00000000ab700000, 0x00000000ab700000| Untracked 
| 184|0x00000000ab800000, 0x00000000ab800000, 0x00000000ab900000|  0%| F|  |TAMS 0x00000000ab800000, 0x00000000ab800000| Untracked 
| 185|0x00000000ab900000, 0x00000000ab900000, 0x00000000aba00000|  0%| F|  |TAMS 0x00000000ab900000, 0x00000000ab900000| Untracked 
| 186|0x00000000aba00000, 0x00000000aba00000, 0x00000000abb00000|  0%| F|  |TAMS 0x00000000aba00000, 0x00000000aba00000| Untracked 
| 187|0x00000000abb00000, 0x00000000abb00000, 0x00000000abc00000|  0%| F|  |TAMS 0x00000000abb00000, 0x00000000abb00000| Untracked 
| 188|0x00000000abc00000, 0x00000000abc00000, 0x00000000abd00000|  0%| F|  |TAMS 0x00000000abc00000, 0x00000000abc00000| Untracked 
| 189|0x00000000abd00000, 0x00000000abd00000, 0x00000000abe00000|  0%| F|  |TAMS 0x00000000abd00000, 0x00000000abd00000| Untracked 
| 190|0x00000000abe00000, 0x00000000abe00000, 0x00000000abf00000|  0%| F|  |TAMS 0x00000000abe00000, 0x00000000abe00000| Untracked 
| 191|0x00000000abf00000, 0x00000000abf00000, 0x00000000ac000000|  0%| F|  |TAMS 0x00000000abf00000, 0x00000000abf00000| Untracked 
| 192|0x00000000ac000000, 0x00000000ac000000, 0x00000000ac100000|  0%| F|  |TAMS 0x00000000ac000000, 0x00000000ac000000| Untracked 
| 193|0x00000000ac100000, 0x00000000ac100000, 0x00000000ac200000|  0%| F|  |TAMS 0x00000000ac100000, 0x00000000ac100000| Untracked 
| 194|0x00000000ac200000, 0x00000000ac200000, 0x00000000ac300000|  0%| F|  |TAMS 0x00000000ac200000, 0x00000000ac200000| Untracked 
| 195|0x00000000ac300000, 0x00000000ac300000, 0x00000000ac400000|  0%| F|  |TAMS 0x00000000ac300000, 0x00000000ac300000| Untracked 
| 196|0x00000000ac400000, 0x00000000ac400000, 0x00000000ac500000|  0%| F|  |TAMS 0x00000000ac400000, 0x00000000ac400000| Untracked 
| 197|0x00000000ac500000, 0x00000000ac500000, 0x00000000ac600000|  0%| F|  |TAMS 0x00000000ac500000, 0x00000000ac500000| Untracked 
| 198|0x00000000ac600000, 0x00000000ac600000, 0x00000000ac700000|  0%| F|  |TAMS 0x00000000ac600000, 0x00000000ac600000| Untracked 
| 199|0x00000000ac700000, 0x00000000ac700000, 0x00000000ac800000|  0%| F|  |TAMS 0x00000000ac700000, 0x00000000ac700000| Untracked 
| 200|0x00000000ac800000, 0x00000000ac800000, 0x00000000ac900000|  0%| F|  |TAMS 0x00000000ac800000, 0x00000000ac800000| Untracked 
| 201|0x00000000ac900000, 0x00000000ac97b118, 0x00000000aca00000| 48%| E|  |TAMS 0x00000000ac900000, 0x00000000ac900000| Complete 
| 202|0x00000000aca00000, 0x00000000acb00000, 0x00000000acb00000|100%| E|CS|TAMS 0x00000000aca00000, 0x00000000aca00000| Complete 
| 203|0x00000000acb00000, 0x00000000acc00000, 0x00000000acc00000|100%| E|CS|TAMS 0x00000000acb00000, 0x00000000acb00000| Complete 

Card table byte_map: [0x0000011042c60000,0x0000011042f60000] _byte_map_base: 0x0000011042760000

Marking Bits (Prev, Next): (CMBitMap*) 0x000001102e075428, (CMBitMap*) 0x000001102e075460
 Prev Bits: [0x0000011043260000, 0x0000011044a60000)
 Next Bits: [0x0000011044a60000, 0x0000011046260000)

Polling page: 0x000001102de90000

Metaspace:

Usage:
  Non-class:     70.54 MB capacity,    68.82 MB ( 98%) used,     1.52 MB (  2%) free+waste,   208.13 KB ( <1%) overhead. 
      Class:     11.27 MB capacity,    10.39 MB ( 92%) used,   798.28 KB (  7%) free+waste,    98.06 KB ( <1%) overhead. 
       Both:     81.81 MB capacity,    79.22 MB ( 97%) used,     2.30 MB (  3%) free+waste,   306.19 KB ( <1%) overhead. 

Virtual space:
  Non-class space:       72.00 MB reserved,      70.66 MB ( 98%) committed 
      Class space:        1.00 GB reserved,      11.38 MB (  1%) committed 
             Both:        1.07 GB reserved,      82.04 MB (  7%) committed 

Chunk freelists:
   Non-Class:  0 bytes
       Class:  14.00 KB
        Both:  14.00 KB

MaxMetaspaceSize: 17179869184.00 GB
CompressedClassSpaceSize: 1.00 GB

CodeHeap 'non-profiled nmethods': size=120064Kb used=5975Kb max_used=5975Kb free=114089Kb
 bounds [0x000001103ae00000, 0x000001103b3e0000, 0x0000011042340000]
CodeHeap 'profiled nmethods': size=120000Kb used=21031Kb max_used=21031Kb free=98968Kb
 bounds [0x00000110338d0000, 0x0000011034d60000, 0x000001103ae00000]
CodeHeap 'non-nmethods': size=5696Kb used=2264Kb max_used=2326Kb free=3431Kb
 bounds [0x0000011033340000, 0x00000110335b0000, 0x00000110338d0000]
 total_blobs=10216 nmethods=9355 adapters=772
 compilation: enabled
              stopped_count=0, restarted_count=0
 full_count=0

Compilation events (20 events):
Event: 49.557 Thread 0x0000011048878000 9395       3       java.io.Writer::write (11 bytes)
Event: 49.557 Thread 0x0000011048878000 nmethod 9395 0x0000011034d55790 code [0x0000011034d55960, 0x0000011034d55c28]
Event: 49.557 Thread 0x0000011048878000 9397   !   3       java.io.BufferedWriter::write (117 bytes)
Event: 49.558 Thread 0x0000011048878000 nmethod 9397 0x0000011034d55d90 code [0x0000011034d55fa0, 0x0000011034d566a8]
Event: 49.558 Thread 0x0000011048878000 9396   !   3       java.io.PrintStream::write (83 bytes)
Event: 49.559 Thread 0x0000011048878000 nmethod 9396 0x0000011034d56a10 code [0x0000011034d56cc0, 0x0000011034d57a58]
Event: 49.559 Thread 0x0000011048878000 9401       3       java.io.FilterOutputStream::write (9 bytes)
Event: 49.559 Thread 0x0000011048878000 nmethod 9401 0x0000011034d58090 code [0x0000011034d58240, 0x0000011034d58408]
Event: 49.559 Thread 0x0000011048878000 9402       3       org.gradle.internal.io.LinePerThreadBufferingOutputStream::write (9 bytes)
Event: 49.560 Thread 0x0000011048878000 nmethod 9402 0x0000011034d58510 code [0x0000011034d586e0, 0x0000011034d588d8]
Event: 49.560 Thread 0x0000011048878000 9403       3       org.gradle.internal.io.LinePerThreadBufferingOutputStream::getStream (44 bytes)
Event: 49.560 Thread 0x0000011048878000 nmethod 9403 0x0000011034d58a10 code [0x0000011034d58c40, 0x0000011034d59378]
Event: 49.560 Thread 0x0000011048878000 9398       3       java.io.OutputStreamWriter::flushBuffer (8 bytes)
Event: 49.561 Thread 0x0000011048878000 nmethod 9398 0x0000011034d59610 code [0x0000011034d597c0, 0x0000011034d598e8]
Event: 49.561 Thread 0x0000011048878000 9400       3       org.gradle.internal.logging.text.AbstractStyledTextOutput::style (20 bytes)
Event: 49.561 Thread 0x0000011048878000 nmethod 9400 0x0000011034d59990 code [0x0000011034d59b60, 0x0000011034d59dc8]
Event: 49.561 Thread 0x0000011048878000 9404       1       org.gradle.launcher.daemon.server.exec.LogToClient::access$100 (5 bytes)
Event: 49.561 Thread 0x0000011048878000 nmethod 9404 0x000001103b3d4990 code [0x000001103b3d4b40, 0x000001103b3d4bd8]
Event: 49.571 Thread 0x0000011048871800 nmethod 9393 0x000001103b3d4c90 code [0x000001103b3d4ea0, 0x000001103b3d5630]
Event: 49.571 Thread 0x0000011048871800 9399       4       org.gradle.internal.logging.text.AbstractLineChoppingStyledTextOutput::doAppend (43 bytes)

GC Heap History (20 events):
Event: 6.685 GC heap before
{Heap before GC invocations=6 (full 0):
 garbage-first heap   total 131072K, used 61753K [0x00000000a0000000, 0x0000000100000000)
  region size 1024K, 49 young (50176K), 4 survivors (4096K)
 Metaspace       used 25721K, capacity 26300K, committed 26368K, reserved 1073152K
  class space    used 3341K, capacity 3549K, committed 3584K, reserved 1048576K
}
Event: 6.693 GC heap after
{Heap after GC invocations=7 (full 0):
 garbage-first heap   total 131072K, used 18422K [0x00000000a0000000, 0x0000000100000000)
  region size 1024K, 6 young (6144K), 6 survivors (6144K)
 Metaspace       used 25721K, capacity 26300K, committed 26368K, reserved 1073152K
  class space    used 3341K, capacity 3549K, committed 3584K, reserved 1048576K
}
Event: 8.215 GC heap before
{Heap before GC invocations=7 (full 0):
 garbage-first heap   total 131072K, used 75766K [0x00000000a0000000, 0x0000000100000000)
  region size 1024K, 61 young (62464K), 6 survivors (6144K)
 Metaspace       used 35015K, capacity 35719K, committed 35840K, reserved 1081344K
  class space    used 4514K, capacity 4775K, committed 4864K, reserved 1048576K
}
Event: 8.233 GC heap after
{Heap after GC invocations=8 (full 0):
 garbage-first heap   total 131072K, used 24142K [0x00000000a0000000, 0x0000000100000000)
  region size 1024K, 7 young (7168K), 7 survivors (7168K)
 Metaspace       used 35015K, capacity 35719K, committed 35840K, reserved 1081344K
  class space    used 4514K, capacity 4775K, committed 4864K, reserved 1048576K
}
Event: 10.018 GC heap before
{Heap before GC invocations=9 (full 0):
 garbage-first heap   total 131072K, used 88654K [0x00000000a0000000, 0x0000000100000000)
  region size 1024K, 69 young (70656K), 7 survivors (7168K)
 Metaspace       used 40807K, capacity 41696K, committed 41984K, reserved 1085440K
  class space    used 5209K, capacity 5522K, committed 5632K, reserved 1048576K
}
Event: 10.043 GC heap after
{Heap after GC invocations=10 (full 0):
 garbage-first heap   total 131072K, used 26180K [0x00000000a0000000, 0x0000000100000000)
  region size 1024K, 8 young (8192K), 8 survivors (8192K)
 Metaspace       used 40807K, capacity 41696K, committed 41984K, reserved 1085440K
  class space    used 5209K, capacity 5522K, committed 5632K, reserved 1048576K
}
Event: 12.196 GC heap before
{Heap before GC invocations=11 (full 0):
 garbage-first heap   total 131072K, used 90692K [0x00000000a0000000, 0x0000000100000000)
  region size 1024K, 71 young (72704K), 8 survivors (8192K)
 Metaspace       used 44266K, capacity 45272K, committed 45440K, reserved 1089536K
  class space    used 5656K, capacity 6014K, committed 6016K, reserved 1048576K
}
Event: 12.216 GC heap after
{Heap after GC invocations=12 (full 0):
 garbage-first heap   total 208896K, used 29467K [0x00000000a0000000, 0x0000000100000000)
  region size 1024K, 8 young (8192K), 8 survivors (8192K)
 Metaspace       used 44266K, capacity 45272K, committed 45440K, reserved 1089536K
  class space    used 5656K, capacity 6014K, committed 6016K, reserved 1048576K
}
Event: 14.511 GC heap before
{Heap before GC invocations=12 (full 0):
 garbage-first heap   total 208896K, used 121627K [0x00000000a0000000, 0x0000000100000000)
  region size 1024K, 92 young (94208K), 8 survivors (8192K)
 Metaspace       used 52781K, capacity 54066K, committed 54400K, reserved 1095680K
  class space    used 6715K, capacity 7195K, committed 7296K, reserved 1048576K
}
Event: 14.528 GC heap after
{Heap after GC invocations=13 (full 0):
 garbage-first heap   total 208896K, used 44500K [0x00000000a0000000, 0x0000000100000000)
  region size 1024K, 11 young (11264K), 11 survivors (11264K)
 Metaspace       used 52781K, capacity 54066K, committed 54400K, reserved 1095680K
  class space    used 6715K, capacity 7195K, committed 7296K, reserved 1048576K
}
Event: 17.153 GC heap before
{Heap before GC invocations=13 (full 0):
 garbage-first heap   total 208896K, used 150996K [0x00000000a0000000, 0x0000000100000000)
  region size 1024K, 114 young (116736K), 11 survivors (11264K)
 Metaspace       used 62194K, capacity 63578K, committed 63744K, reserved 1103872K
  class space    used 7826K, capacity 8322K, committed 8448K, reserved 1048576K
}
Event: 17.172 GC heap after
{Heap after GC invocations=14 (full 0):
 garbage-first heap   total 208896K, used 52176K [0x00000000a0000000, 0x0000000100000000)
  region size 1024K, 15 young (15360K), 15 survivors (15360K)
 Metaspace       used 62194K, capacity 63578K, committed 63744K, reserved 1103872K
  class space    used 7826K, capacity 8322K, committed 8448K, reserved 1048576K
}
Event: 19.414 GC heap before
{Heap before GC invocations=14 (full 0):
 garbage-first heap   total 208896K, used 153552K [0x00000000a0000000, 0x0000000100000000)
  region size 1024K, 115 young (117760K), 15 survivors (15360K)
 Metaspace       used 67899K, capacity 69737K, committed 69888K, reserved 1110016K
  class space    used 8723K, capacity 9370K, committed 9472K, reserved 1048576K
}
Event: 19.443 GC heap after
{Heap after GC invocations=15 (full 0):
 garbage-first heap   total 208896K, used 60144K [0x00000000a0000000, 0x0000000100000000)
  region size 1024K, 15 young (15360K), 15 survivors (15360K)
 Metaspace       used 67899K, capacity 69737K, committed 69888K, reserved 1110016K
  class space    used 8723K, capacity 9370K, committed 9472K, reserved 1048576K
}
Event: 21.767 GC heap before
{Heap before GC invocations=16 (full 0):
 garbage-first heap   total 208896K, used 158448K [0x00000000a0000000, 0x0000000100000000)
  region size 1024K, 111 young (113664K), 15 survivors (15360K)
 Metaspace       used 71341K, capacity 73377K, committed 73508K, reserved 1112064K
  class space    used 9272K, capacity 10046K, committed 10112K, reserved 1048576K
}
Event: 21.799 GC heap after
{Heap after GC invocations=17 (full 0):
 garbage-first heap   total 208896K, used 70447K [0x00000000a0000000, 0x0000000100000000)
  region size 1024K, 11 young (11264K), 11 survivors (11264K)
 Metaspace       used 71341K, capacity 73377K, committed 73508K, reserved 1112064K
  class space    used 9272K, capacity 10046K, committed 10112K, reserved 1048576K
}
Event: 25.737 GC heap before
{Heap before GC invocations=17 (full 0):
 garbage-first heap   total 208896K, used 160559K [0x00000000a0000000, 0x0000000100000000)
  region size 1024K, 100 young (102400K), 11 survivors (11264K)
 Metaspace       used 77569K, capacity 80031K, committed 80292K, reserved 1118208K
  class space    used 10130K, capacity 10974K, committed 11008K, reserved 1048576K
}
Event: 25.768 GC heap after
{Heap after GC invocations=18 (full 0):
 garbage-first heap   total 208896K, used 82420K [0x00000000a0000000, 0x0000000100000000)
  region size 1024K, 12 young (12288K), 12 survivors (12288K)
 Metaspace       used 77569K, capacity 80031K, committed 80292K, reserved 1118208K
  class space    used 10130K, capacity 10974K, committed 11008K, reserved 1048576K
}
Event: 28.744 GC heap before
{Heap before GC invocations=18 (full 0):
 garbage-first heap   total 208896K, used 161268K [0x00000000a0000000, 0x0000000100000000)
  region size 1024K, 90 young (92160K), 12 survivors (12288K)
 Metaspace       used 80939K, capacity 83606K, committed 83748K, reserved 1122304K
  class space    used 10619K, capacity 11523K, committed 11648K, reserved 1048576K
}
Event: 28.772 GC heap after
{Heap after GC invocations=19 (full 0):
 garbage-first heap   total 208896K, used 91558K [0x00000000a0000000, 0x0000000100000000)
  region size 1024K, 10 young (10240K), 10 survivors (10240K)
 Metaspace       used 80939K, capacity 83606K, committed 83748K, reserved 1122304K
  class space    used 10619K, capacity 11523K, committed 11648K, reserved 1048576K
}

Deoptimization events (20 events):
Event: 49.555 Thread 0x000001104de76000 Uncommon trap: trap_request=0xffffffc6 fr.pc=0x000001103b282970 relative=0x00000000000003d0
Event: 49.555 Thread 0x000001104de76000 Uncommon trap: reason=bimorphic_or_optimized_type_check action=maybe_recompile pc=0x000001103b282970 method=org.gradle.internal.logging.sink.OutputEventRenderer.onOutput(Lorg/gradle/internal/logging/events/OutputEvent;)V @ 1 c2
Event: 49.555 Thread 0x000001104de76000 DEOPT PACKING pc=0x000001103b282970 sp=0x0000000857afeae0
Event: 49.555 Thread 0x000001104de76000 DEOPT UNPACKING pc=0x000001103336662f sp=0x0000000857afea38 mode 2
Event: 49.555 Thread 0x000001104de76000 Uncommon trap: trap_request=0xffffffc6 fr.pc=0x000001103b282970 relative=0x00000000000003d0
Event: 49.555 Thread 0x000001104de76000 Uncommon trap: reason=bimorphic_or_optimized_type_check action=maybe_recompile pc=0x000001103b282970 method=org.gradle.internal.logging.sink.OutputEventRenderer.onOutput(Lorg/gradle/internal/logging/events/OutputEvent;)V @ 1 c2
Event: 49.555 Thread 0x000001104de76000 DEOPT PACKING pc=0x000001103b282970 sp=0x0000000857afeae0
Event: 49.555 Thread 0x000001104de76000 DEOPT UNPACKING pc=0x000001103336662f sp=0x0000000857afea38 mode 2
Event: 49.556 Thread 0x000001104de76000 Uncommon trap: trap_request=0xffffffc6 fr.pc=0x000001103b282970 relative=0x00000000000003d0
Event: 49.556 Thread 0x000001104de76000 Uncommon trap: reason=bimorphic_or_optimized_type_check action=maybe_recompile pc=0x000001103b282970 method=org.gradle.internal.logging.sink.OutputEventRenderer.onOutput(Lorg/gradle/internal/logging/events/OutputEvent;)V @ 1 c2
Event: 49.556 Thread 0x000001104de76000 DEOPT PACKING pc=0x000001103b282970 sp=0x0000000857afeae0
Event: 49.556 Thread 0x000001104de76000 DEOPT UNPACKING pc=0x000001103336662f sp=0x0000000857afea38 mode 2
Event: 49.557 Thread 0x000001104de76000 Uncommon trap: trap_request=0xffffffc6 fr.pc=0x000001103b282970 relative=0x00000000000003d0
Event: 49.557 Thread 0x000001104de76000 Uncommon trap: reason=bimorphic_or_optimized_type_check action=maybe_recompile pc=0x000001103b282970 method=org.gradle.internal.logging.sink.OutputEventRenderer.onOutput(Lorg/gradle/internal/logging/events/OutputEvent;)V @ 1 c2
Event: 49.557 Thread 0x000001104de76000 DEOPT PACKING pc=0x000001103b282970 sp=0x0000000857afeae0
Event: 49.557 Thread 0x000001104de76000 DEOPT UNPACKING pc=0x000001103336662f sp=0x0000000857afea38 mode 2
Event: 49.557 Thread 0x000001104de76000 Uncommon trap: trap_request=0xffffffc6 fr.pc=0x000001103b2662a4 relative=0x0000000000000324
Event: 49.557 Thread 0x000001104de76000 Uncommon trap: reason=bimorphic_or_optimized_type_check action=maybe_recompile pc=0x000001103b2662a4 method=org.gradle.internal.logging.sink.OutputEventRenderer.onOutput(Lorg/gradle/internal/logging/events/OutputEvent;)V @ 1 c2
Event: 49.557 Thread 0x000001104de76000 DEOPT PACKING pc=0x000001103b2662a4 sp=0x0000000857afea80
Event: 49.557 Thread 0x000001104de76000 DEOPT UNPACKING pc=0x000001103336662f sp=0x0000000857afea38 mode 2

Classes redefined (0 events):
No events

Internal exceptions (20 events):
Event: 28.628 Thread 0x000001104b86f000 Exception <a 'java/lang/NoSuchMethodError'{0x00000000a82ed318}: 'void java.lang.invoke.DirectMethodHandle$Holder.invokeVirtual(java.lang.Object, java.lang.Object)'> (0x00000000a82ed318) thrown at [./src/hotspot/share/interpreter/linkResolver.cpp, line 773]
Event: 28.725 Thread 0x000001104b86f000 Exception <a 'java/lang/ClassNotFoundException'{0x00000000a80a4c90}: org/gradle/process/internal/DefaultExecAction_DecoratedBeanInfo> (0x00000000a80a4c90) thrown at [./src/hotspot/share/classfile/systemDictionary.cpp, line 231]
Event: 28.727 Thread 0x000001104b86f000 Exception <a 'java/lang/ClassNotFoundException'{0x00000000a80cf888}: org/gradle/process/internal/DefaultExecActionBeanInfo> (0x00000000a80cf888) thrown at [./src/hotspot/share/classfile/systemDictionary.cpp, line 231]
Event: 28.728 Thread 0x000001104b86f000 Exception <a 'java/lang/ClassNotFoundException'{0x00000000a80fc3c8}: org/gradle/process/internal/DefaultExecHandleBuilderBeanInfo> (0x00000000a80fc3c8) thrown at [./src/hotspot/share/classfile/systemDictionary.cpp, line 231]
Event: 28.730 Thread 0x000001104b86f000 Exception <a 'java/lang/ClassNotFoundException'{0x00000000a7f294e0}: org/gradle/process/internal/AbstractExecHandleBuilderBeanInfo> (0x00000000a7f294e0) thrown at [./src/hotspot/share/classfile/systemDictionary.cpp, line 231]
Event: 28.731 Thread 0x000001104b86f000 Exception <a 'java/lang/ClassNotFoundException'{0x00000000a7f56078}: org/gradle/process/internal/DefaultProcessForkOptionsBeanInfo> (0x00000000a7f56078) thrown at [./src/hotspot/share/classfile/systemDictionary.cpp, line 231]
Event: 28.732 Thread 0x000001104b86f000 Exception <a 'java/lang/ClassNotFoundException'{0x00000000a7f83080}: org/gradle/process/internal/DefaultProcessForkOptionsCustomizer> (0x00000000a7f83080) thrown at [./src/hotspot/share/classfile/systemDictionary.cpp, line 231]
Event: 28.734 Thread 0x000001104b86f000 Exception <a 'java/lang/ClassNotFoundException'{0x00000000a7fbbdd8}: org/gradle/process/internal/AbstractExecHandleBuilderCustomizer> (0x00000000a7fbbdd8) thrown at [./src/hotspot/share/classfile/systemDictionary.cpp, line 231]
Event: 28.736 Thread 0x000001104b86f000 Exception <a 'java/lang/ClassNotFoundException'{0x00000000a7ffa580}: org/gradle/process/internal/DefaultExecHandleBuilderCustomizer> (0x00000000a7ffa580) thrown at [./src/hotspot/share/classfile/systemDictionary.cpp, line 231]
Event: 28.739 Thread 0x000001104b86f000 Exception <a 'java/lang/ClassNotFoundException'{0x00000000a7e51a30}: org/gradle/process/internal/DefaultExecActionCustomizer> (0x00000000a7e51a30) thrown at [./src/hotspot/share/classfile/systemDictionary.cpp, line 231]
Event: 28.740 Thread 0x000001104b86f000 Exception <a 'java/lang/ClassNotFoundException'{0x00000000a7e88898}: org/gradle/process/internal/DefaultExecAction_DecoratedCustomizer> (0x00000000a7e88898) thrown at [./src/hotspot/share/classfile/systemDictionary.cpp, line 231]
Event: 28.743 Thread 0x000001104b86f000 Exception <a 'java/lang/ClassNotFoundException'{0x00000000a7ed9238}: org/gradle/api/logging/LogLevelBeanInfo> (0x00000000a7ed9238) thrown at [./src/hotspot/share/classfile/systemDictionary.cpp, line 231]
Event: 28.775 Thread 0x000001104b86f000 Exception <a 'java/lang/ClassNotFoundException'{0x00000000a7df03e0}: org/gradle/api/logging/LogLevelCustomizer> (0x00000000a7df03e0) thrown at [./src/hotspot/share/classfile/systemDictionary.cpp, line 231]
Event: 28.779 Thread 0x000001104b86f000 Exception <a 'java/lang/ClassNotFoundException'{0x00000000acb62150}: org/gradle/internal/logging/compatbridge/LoggingManagerInternalCompatibilityBridgeBeanInfo> (0x00000000acb62150) thrown at [./src/hotspot/share/classfile/systemDictionary.cpp, line 231]
Event: 28.780 Thread 0x000001104b86f000 Exception <a 'java/lang/ClassNotFoundException'{0x00000000acb96df8}: org/gradle/internal/logging/compatbridge/LoggingManagerInternalCompatibilityBridgeCustomizer> (0x00000000acb96df8) thrown at [./src/hotspot/share/classfile/systemDictionary.cpp, line 231]
Event: 28.855 Thread 0x000001104de77000 Exception <a 'java/lang/NoSuchMethodError'{0x00000000acaada30}: 'void java.lang.invoke.DirectMethodHandle$Holder.invokeStatic(java.lang.Object, long)'> (0x00000000acaada30) thrown at [./src/hotspot/share/interpreter/linkResolver.cpp, line 773]
Event: 28.856 Thread 0x000001104de77000 Exception <a 'java/lang/NoSuchMethodError'{0x00000000acab2e90}: 'java.lang.Object java.lang.invoke.DirectMethodHandle$Holder.invokeStatic(java.lang.Object, long)'> (0x00000000acab2e90) thrown at [./src/hotspot/share/interpreter/linkResolver.cpp, line 773]
Event: 28.858 Thread 0x000001104de77000 Exception <a 'java/lang/NoSuchMethodError'{0x00000000acac13b8}: 'java.lang.Object java.lang.invoke.DirectMethodHandle$Holder.invokeStaticInit(java.lang.Object, java.lang.Object, long, java.lang.Object)'> (0x00000000acac13b8) thrown at [./src/hotspot/share/interpreter/linkResolver.cpp, line 773]
Event: 28.859 Thread 0x000001104de77000 Exception <a 'java/lang/NoSuchMethodError'{0x00000000acac7530}: 'java.lang.Object java.lang.invoke.DirectMethodHandle$Holder.invokeStatic(java.lang.Object, java.lang.Object, long)'> (0x00000000acac7530) thrown at [./src/hotspot/share/interpreter/linkResolver.cpp, line 773]
Event: 28.859 Thread 0x000001104de77000 Exception <a 'java/lang/NoSuchMethodError'{0x00000000acacda40}: 'java.lang.Object java.lang.invoke.Invokers$Holder.linkToTargetMethod(java.lang.Object, long, java.lang.Object)'> (0x00000000acacda40) thrown at [./src/hotspot/share/interpreter/linkResolver.cpp, line 773]

Events (20 events):
Event: 28.806 Executing VM operation: RevokeBias done
Event: 28.806 loading class java/lang/ProcessImpl
Event: 28.807 loading class java/lang/ProcessImpl done
Event: 28.857 loading class java/lang/ProcessHandleImpl
Event: 28.857 loading class java/lang/ProcessHandleImpl done
Event: 28.860 loading class java/lang/ProcessImpl$2
Event: 28.860 loading class java/lang/ProcessImpl$2 done
Event: 28.860 loading class java/lang/Process$PipeInputStream
Event: 28.860 loading class java/lang/Process$PipeInputStream done
Event: 28.860 Executing VM operation: Deoptimize
Event: 28.862 Executing VM operation: Deoptimize done
Event: 28.862 loading class org/gradle/process/internal/streams/ExecOutputHandleRunner
Event: 28.862 loading class org/gradle/process/internal/streams/ExecOutputHandleRunner done
Event: 28.864 Thread 0x000001104de76000 Thread added: 0x000001104de76000
Event: 28.864 Thread 0x000001104de7c800 Thread added: 0x000001104de7c800
Event: 31.373 Thread 0x0000011053cf2800 Thread exited: 0x0000011053cf2800
Event: 49.554 loading class org/gradle/internal/logging/events/StyledTextOutputEvent$Span
Event: 49.554 loading class org/gradle/internal/logging/events/StyledTextOutputEvent$Span done
Event: 49.554 loading class org/gradle/internal/logging/events/operations/StyledTextBuildOperationProgressDetails$Span
Event: 49.554 loading class org/gradle/internal/logging/events/operations/StyledTextBuildOperationProgressDetails$Span done


Dynamic libraries:
0x00007ff7545b0000 - 0x00007ff7545ba000 	C:\Program Files\Android\Android Studio\jre\bin\java.exe
0x00007ffb03c90000 - 0x00007ffb03e85000 	C:\Windows\SYSTEM32\ntdll.dll
0x00007ffb035c0000 - 0x00007ffb0367e000 	C:\Windows\System32\KERNEL32.DLL
0x00007ffb01740000 - 0x00007ffb01a08000 	C:\Windows\System32\KERNELBASE.dll
0x00007ffb01a10000 - 0x00007ffb01b10000 	C:\Windows\System32\ucrtbase.dll
0x00007ffae0ca0000 - 0x00007ffae0cb7000 	C:\Program Files\Android\Android Studio\jre\bin\VCRUNTIME140.dll
0x00007ffae11c0000 - 0x00007ffae11d9000 	C:\Program Files\Android\Android Studio\jre\bin\jli.dll
0x00007ffb02e70000 - 0x00007ffb03010000 	C:\Windows\System32\USER32.dll
0x00007ffb01cc0000 - 0x00007ffb01ce2000 	C:\Windows\System32\win32u.dll
0x00007ffb03680000 - 0x00007ffb036ab000 	C:\Windows\System32\GDI32.dll
0x00007ffaef3b0000 - 0x00007ffaef64a000 	C:\Windows\WinSxS\amd64_microsoft.windows.common-controls_6595b64144ccf1df_6.0.19041.1110_none_60b5254171f9507e\COMCTL32.dll
0x00007ffb01b10000 - 0x00007ffb01c1b000 	C:\Windows\System32\gdi32full.dll
0x00007ffb02dd0000 - 0x00007ffb02e6e000 	C:\Windows\System32\msvcrt.dll
0x00007ffb01c20000 - 0x00007ffb01cbd000 	C:\Windows\System32\msvcp_win.dll
0x00007ffb025e0000 - 0x00007ffb02610000 	C:\Windows\System32\IMM32.DLL
0x00007ffacf320000 - 0x00007ffacf3bd000 	C:\Program Files\Android\Android Studio\jre\bin\msvcp140.dll
0x00007ffac8e60000 - 0x00007ffac9935000 	C:\Program Files\Android\Android Studio\jre\bin\server\jvm.dll
0x00007ffb02400000 - 0x00007ffb024ae000 	C:\Windows\System32\ADVAPI32.dll
0x00007ffb01e20000 - 0x00007ffb01ebc000 	C:\Windows\System32\sechost.dll
0x00007ffb024b0000 - 0x00007ffb025d5000 	C:\Windows\System32\RPCRT4.dll
0x00007ffb021e0000 - 0x00007ffb021e8000 	C:\Windows\System32\PSAPI.DLL
0x00007ffaffb20000 - 0x00007ffaffb29000 	C:\Windows\SYSTEM32\WSOCK32.dll
0x00007ffaeb5f0000 - 0x00007ffaeb617000 	C:\Windows\SYSTEM32\WINMM.dll
0x00007ffb02610000 - 0x00007ffb0267b000 	C:\Windows\System32\WS2_32.dll
0x00007ffaf7390000 - 0x00007ffaf739a000 	C:\Windows\SYSTEM32\VERSION.dll
0x00007ffaffc80000 - 0x00007ffaffc92000 	C:\Windows\SYSTEM32\kernel.appcore.dll
0x00007ffafc910000 - 0x00007ffafc921000 	C:\Program Files\Android\Android Studio\jre\bin\verify.dll
0x00007ffaff180000 - 0x00007ffaff364000 	C:\Windows\SYSTEM32\DBGHELP.DLL
0x00007ffaead10000 - 0x00007ffaead3c000 	C:\Windows\SYSTEM32\dbgcore.DLL
0x00007ffb01630000 - 0x00007ffb016b2000 	C:\Windows\System32\bcryptPrimitives.dll
0x00007ffafc8e0000 - 0x00007ffafc909000 	C:\Program Files\Android\Android Studio\jre\bin\java.dll
0x00007ffafc8d0000 - 0x00007ffafc8db000 	C:\Program Files\Android\Android Studio\jre\bin\jimage.dll
0x00007ffafb850000 - 0x00007ffafb868000 	C:\Program Files\Android\Android Studio\jre\bin\zip.dll
0x00007ffb02680000 - 0x00007ffb02dc4000 	C:\Windows\System32\SHELL32.dll
0x00007ffaff370000 - 0x00007ffaffb04000 	C:\Windows\SYSTEM32\windows.storage.dll
0x00007ffb03250000 - 0x00007ffb035a4000 	C:\Windows\System32\combase.dll
0x00007ffb00d40000 - 0x00007ffb00d6c000 	C:\Windows\SYSTEM32\Wldp.dll
0x00007ffb03ba0000 - 0x00007ffb03c4d000 	C:\Windows\System32\SHCORE.dll
0x00007ffb03190000 - 0x00007ffb031e5000 	C:\Windows\System32\shlwapi.dll
0x00007ffb012f0000 - 0x00007ffb0130f000 	C:\Windows\SYSTEM32\profapi.dll
0x00007ffafa050000 - 0x00007ffafa06a000 	C:\Program Files\Android\Android Studio\jre\bin\net.dll
0x00007ffafa980000 - 0x00007ffafaa89000 	C:\Windows\SYSTEM32\WINHTTP.dll
0x00007ffb00aa0000 - 0x00007ffb00b0a000 	C:\Windows\system32\mswsock.dll
0x00007ffaf9b00000 - 0x00007ffaf9b14000 	C:\Program Files\Android\Android Studio\jre\bin\nio.dll
0x00007ffad8e90000 - 0x00007ffad8eb7000 	C:\Users\Oliver\.gradle\native\fdc75f09e3144964f2cf3f50f0aa648679c211496f362492102eb8c894070792\windows-amd64\native-platform.dll
0x00007ffaca340000 - 0x00007ffaca4d6000 	C:\Users\Oliver\.gradle\native\12488b8bf47d2d4c9fbf2f6322a914ad602e24e48041cd04a747c6da556b65c4\windows-amd64\native-platform-file-events.dll
0x00007ffafc8c0000 - 0x00007ffafc8ca000 	C:\Program Files\Android\Android Studio\jre\bin\management.dll
0x00007ffafc130000 - 0x00007ffafc13d000 	C:\Program Files\Android\Android Studio\jre\bin\management_ext.dll
0x00007ffb00c90000 - 0x00007ffb00ca8000 	C:\Windows\SYSTEM32\CRYPTSP.dll
0x00007ffb00420000 - 0x00007ffb00454000 	C:\Windows\system32\rsaenh.dll
0x00007ffb016c0000 - 0x00007ffb016e7000 	C:\Windows\System32\bcrypt.dll
0x00007ffb012b0000 - 0x00007ffb012de000 	C:\Windows\SYSTEM32\USERENV.dll
0x00007ffb00cb0000 - 0x00007ffb00cbc000 	C:\Windows\SYSTEM32\CRYPTBASE.dll
0x00007ffb00790000 - 0x00007ffb007cb000 	C:\Windows\SYSTEM32\IPHLPAPI.DLL
0x00007ffb01ec0000 - 0x00007ffb01ec8000 	C:\Windows\System32\NSI.dll
0x00007ffaf95c0000 - 0x00007ffaf95d7000 	C:\Windows\SYSTEM32\dhcpcsvc6.DLL
0x00007ffaf7cd0000 - 0x00007ffaf7ced000 	C:\Windows\SYSTEM32\dhcpcsvc.DLL
0x00007ffb007d0000 - 0x00007ffb0089a000 	C:\Windows\SYSTEM32\DNSAPI.dll
0x00007ffaf95e0000 - 0x00007ffaf95eb000 	C:\Windows\SYSTEM32\WINNSI.DLL

dbghelp: loaded successfully - version: 4.0.5 - missing functions: none
symbol engine: initialized successfully - sym options: 0x614 - pdb path: .;C:\Program Files\Android\Android Studio\jre\bin;C:\Windows\SYSTEM32;C:\Windows\WinSxS\amd64_microsoft.windows.common-controls_6595b64144ccf1df_6.0.19041.1110_none_60b5254171f9507e;C:\Program Files\Android\Android Studio\jre\bin\server;C:\Users\Oliver\.gradle\native\fdc75f09e3144964f2cf3f50f0aa648679c211496f362492102eb8c894070792\windows-amd64;C:\Users\Oliver\.gradle\native\12488b8bf47d2d4c9fbf2f6322a914ad602e24e48041cd04a747c6da556b65c4\windows-amd64

VM Arguments:
jvm_args: --add-opens=java.base/java.util=ALL-UNNAMED --add-opens=java.base/java.lang=ALL-UNNAMED --add-opens=java.base/java.lang.invoke=ALL-UNNAMED --add-opens=java.prefs/java.util.prefs=ALL-UNNAMED -Xmx1536M -Dfile.encoding=windows-1252 -Duser.country=DE -Duser.language=de -Duser.variant 
java_command: org.gradle.launcher.daemon.bootstrap.GradleDaemon 6.7
java_class_path (initial): C:\Users\Oliver\.gradle\wrapper\dists\gradle-6.7-all\cuy9mc7upwgwgeb72wkcrupxe\gradle-6.7\lib\gradle-launcher-6.7.jar
Launcher Type: SUN_STANDARD

[Global flags]
     intx CICompilerCount                          = 3                                         {product} {ergonomic}
     uint ConcGCThreads                            = 1                                         {product} {ergonomic}
     uint G1ConcRefinementThreads                  = 4                                         {product} {ergonomic}
   size_t G1HeapRegionSize                         = 1048576                                   {product} {ergonomic}
    uintx GCDrainStackTargetSize                   = 64                                        {product} {ergonomic}
   size_t InitialHeapSize                          = 134217728                                 {product} {ergonomic}
   size_t MarkStackSize                            = 4194304                                   {product} {ergonomic}
   size_t MaxHeapSize                              = 1610612736                                {product} {command line}
   size_t MaxNewSize                               = 965738496                                 {product} {ergonomic}
   size_t MinHeapDeltaBytes                        = 1048576                                   {product} {ergonomic}
    uintx NonNMethodCodeHeapSize                   = 5830732                                {pd product} {ergonomic}
    uintx NonProfiledCodeHeapSize                  = 122913754                              {pd product} {ergonomic}
    uintx ProfiledCodeHeapSize                     = 122913754                              {pd product} {ergonomic}
    uintx ReservedCodeCacheSize                    = 251658240                              {pd product} {ergonomic}
     bool SegmentedCodeCache                       = true                                      {product} {ergonomic}
     bool UseCompressedClassPointers               = true                                 {lp64_product} {ergonomic}
     bool UseCompressedOops                        = true                                 {lp64_product} {ergonomic}
     bool UseG1GC                                  = true                                      {product} {ergonomic}
     bool UseLargePagesIndividualAllocation        = false                                  {pd product} {ergonomic}

Logging:
Log output configuration:
 #0: stdout all=warning uptime,level,tags
 #1: stderr all=off uptime,level,tags

Environment Variables:
JAVA_HOME=C:\Program Files\Android\Android Studio\jre
CLASSPATH=C:\Users\Oliver\Desktop\Projekte\foodtracker\android\\gradle\wrapper\gradle-wrapper.jar
PATH=C:\Program Files\Eclipse Adoptium\jdk-11.0.13.8-hotspot\bin;C:\Program Files (x86)\Common Files\Oracle\Java\javapath;C:\Windows\system32;C:\Windows;C:\Windows\System32\Wbem;C:\Windows\System32\WindowsPowerShell\v1.0\;C:\Windows\System32\OpenSSH\;C:\Users\Oliver\AppData\Local\Programs\Python\Python310\Scripts\;C:\Users\Oliver\AppData\Local\Programs\Python\Python310\;C:\Users\Oliver\AppData\Local\Microsoft\WindowsApps;C:\Program Files\mongosh\;C:\Program Files\JetBrains\PyCharm Community Edition 2021.3.1\bin;;C:\tools\dart-sdk\bin;C:\Users\Oliver\AppData\Local\Programs\Microsoft VS Code\bin;C:\tools\flutter\bin;C:\Users\Oliver\AppData\Local\Pub\Cache\bin;;C:\tools\flutter\bin\mingit\cmd
USERNAME=Oliver
OS=Windows_NT
PROCESSOR_IDENTIFIER=Intel64 Family 6 Model 78 Stepping 3, GenuineIntel



---------------  S Y S T E M  ---------------

OS: Windows 10 , 64 bit Build 19041 (10.0.19041.1566)
OS uptime: 1 days 3:03 hours

CPU:total 4 (initial active 4) (2 cores per cpu, 2 threads per core) family 6 model 78 stepping 3 microcode 0xcc, cmov, cx8, fxsr, mmx, sse, sse2, sse3, ssse3, sse4.1, sse4.2, popcnt, avx, avx2, aes, clmul, erms, 3dnowpref, lzcnt, ht, tsc, tscinvbit, bmi1, bmi2, adx, fma

Memory: 4k page, system-wide physical 8084M (556M free)
TotalPageFile size 9990M (AvailPageFile size 0M)
current process WorkingSet (physical memory assigned to process): 413M, peak: 465M
current process commit charge ("private bytes"): 468M, peak: 500M

vm_info: OpenJDK 64-Bit Server VM (11.0.11+9-b60-7590822) for windows-amd64 JRE (11.0.11+9-b60-7590822), built on Jul 29 2021 21:43:44 by "builder" with MS VC++ 14.0 (VS2015)

END.
